\BOOKMARK [0][]{chapter*.5}{Lista de Figuras}{}% 1
\BOOKMARK [0][]{chapter*.6}{Lista de Tabelas}{}% 2
\BOOKMARK [0][]{chapter*.7}{Lista de Abrevia\347\365es}{}% 3
\BOOKMARK [0][]{toc.0}{Conte\372do}{}% 4
\BOOKMARK [0][]{chapter.1}{INTRODU\307\303O}{}% 5
\BOOKMARK [1][]{section.1.1}{OBJETIVOS}{chapter.1}% 6
\BOOKMARK [1][]{section.1.2}{ORGANIZA\307\303O}{chapter.1}% 7
\BOOKMARK [0][]{chapter.2}{MODELAGEM DO ESCOAMENTO SANGU\315NEO}{}% 8
\BOOKMARK [1][]{section.2.1}{MODELO MATEM\301TICO}{chapter.2}% 9
\BOOKMARK [2][]{subsection.2.1.1}{C\301LCULO DA PRESS\303O E DO FLUXO SANGU\315NEO}{section.2.1}% 10
\BOOKMARK [2][]{subsection.2.1.2}{C\301LCULO DO COEFICIENTES DE REFLEX\303O E ADMIT\302NCIA}{section.2.1}% 11
\BOOKMARK [2][]{subsection.2.1.3}{C\301LCULO DA IMPED\302NCIA DE ENTRADA}{section.2.1}% 12
\BOOKMARK [2][]{subsection.2.1.4}{INCORPORA\307\303O DA VISCOSIDADE E VISCOELASTICIDADE NO MODELO}{section.2.1}% 13
\BOOKMARK [1][]{section.2.2}{MODELAGEM COMPUTACIONAL}{chapter.2}% 14
\BOOKMARK [0][]{chapter.3}{FERRAMENTA COMPUTACIONAL}{}% 15
\BOOKMARK [1][]{section.3.1}{ESTRUTURA DE DADOS}{chapter.3}% 16
\BOOKMARK [2][]{subsection.3.1.1}{ELEMENTO INTELIGENTE}{section.3.1}% 17
\BOOKMARK [2][]{subsection.3.1.2}{F\301BRICA}{section.3.1}% 18
\BOOKMARK [2][]{subsection.3.1.3}{OBJETO INTELIGENTE}{section.3.1}% 19
\BOOKMARK [2][]{subsection.3.1.4}{OBJETO GR\301FICO}{section.3.1}% 20
\BOOKMARK [2][]{subsection.3.1.5}{PROJETO INTELIGENTE}{section.3.1}% 21
\BOOKMARK [2][]{subsection.3.1.6}{F\301BRICA DE PROJETO}{section.3.1}% 22
\BOOKMARK [2][]{subsection.3.1.7}{THREADS INTELIGENTES}{section.3.1}% 23
\BOOKMARK [1][]{section.3.2}{INTERFACE DE USU\301RIO}{chapter.3}% 24
\BOOKMARK [1][]{section.3.3}{CONSOLE}{chapter.3}% 25
\BOOKMARK [2][]{subsection.3.3.1}{JANELA}{section.3.3}% 26
\BOOKMARK [0][]{chapter.4}{RESULTADOS NUM\311RICOS E DISCUSS\325ES}{}% 27
\BOOKMARK [0][]{chapter.5}{CONCLUS\325ES E TRABALHOS FUTUROS}{}% 28
\BOOKMARK [0][]{appendix.1.A}{PROCESSO DE COMPILA\307\303O}{}% 29
\BOOKMARK [0][]{appendix.1.B}{FORMATO DE ARQUIVO DE COMANDOS}{}% 30
\BOOKMARK [0][]{appendix.1.C}{FORMATO DE ARQUIVO DE ELEMENTO INTELIGENTE}{}% 31
\BOOKMARK [0][]{appendix.1.D}{FORMATO DE ARQUIVO DE OBJETO INTELIGENTE}{}% 32
