This is pdfTeX, Version 3.141592653-2.6-1.40.22 (TeX Live 2021/W32TeX) (preloaded format=pdflatex 2021.7.25)  7 SEP 2021 01:45
entering extended mode
 restricted \write18 enabled.
 %&-line parsing enabled.
**modelo_new.tex
(./modelo_new.tex
LaTeX2e <2020-10-01> patch level 4
L3 programming layer <2021-02-18> (./monografia.cls
Document Class: monografia 2001/04/21 v1.4e Standard LaTeX document class
(c:/texlive/2021/texmf-dist/tex/latex/base/size12.clo
File: size12.clo 2020/04/10 v1.4m Standard LaTeX file (size option)
)
\c@part=\count179
\c@chapter=\count180
\c@section=\count181
\c@subsection=\count182
\c@subsubsection=\count183
\c@paragraph=\count184
\c@subparagraph=\count185
\c@figure=\count186
\c@table=\count187
\abovecaptionskip=\skip47
\belowcaptionskip=\skip48
\bibindent=\dimen138
) (./todonotes.sty
Package: todonotes 2010/09/26 .dtx Todonotes source and documentation.
Package: todonotes 2010/09/26

(c:/texlive/2021/texmf-dist/tex/latex/base/ifthen.sty
Package: ifthen 2014/09/29 v1.1c Standard LaTeX ifthen package (DPC)
)
(c:/texlive/2021/texmf-dist/tex/latex/xkeyval/xkeyval.sty
Package: xkeyval 2020/11/20 v2.8 package option processing (HA)

(c:/texlive/2021/texmf-dist/tex/generic/xkeyval/xkeyval.tex
(c:/texlive/2021/texmf-dist/tex/generic/xkeyval/xkvutils.tex
\XKV@toks=\toks15
\XKV@tempa@toks=\toks16

(c:/texlive/2021/texmf-dist/tex/generic/xkeyval/keyval.tex))
\XKV@depth=\count188
File: xkeyval.tex 2014/12/03 v2.7a key=value parser (HA)
))
(c:/texlive/2021/texmf-dist/tex/latex/xcolor/xcolor.sty
Package: xcolor 2016/05/11 v2.12 LaTeX color extensions (UK)

(c:/texlive/2021/texmf-dist/tex/latex/graphics-cfg/color.cfg
File: color.cfg 2016/01/02 v1.6 sample color configuration
)
Package xcolor Info: Driver file: pdftex.def on input line 225.

(c:/texlive/2021/texmf-dist/tex/latex/graphics-def/pdftex.def
File: pdftex.def 2020/10/05 v1.2a Graphics/color driver for pdftex
)
Package xcolor Info: Model `cmy' substituted by `cmy0' on input line 1348.
Package xcolor Info: Model `hsb' substituted by `rgb' on input line 1352.
Package xcolor Info: Model `RGB' extended on input line 1364.
Package xcolor Info: Model `HTML' substituted by `rgb' on input line 1366.
Package xcolor Info: Model `Hsb' substituted by `hsb' on input line 1367.
Package xcolor Info: Model `tHsb' substituted by `hsb' on input line 1368.
Package xcolor Info: Model `HSB' substituted by `hsb' on input line 1369.
Package xcolor Info: Model `Gray' substituted by `gray' on input line 1370.
Package xcolor Info: Model `wave' substituted by `hsb' on input line 1371.
)
(c:/texlive/2021/texmf-dist/tex/latex/pgf/frontendlayer/tikz.sty
(c:/texlive/2021/texmf-dist/tex/latex/pgf/basiclayer/pgf.sty
(c:/texlive/2021/texmf-dist/tex/latex/pgf/utilities/pgfrcs.sty
(c:/texlive/2021/texmf-dist/tex/generic/pgf/utilities/pgfutil-common.tex
\pgfutil@everybye=\toks17
\pgfutil@tempdima=\dimen139
\pgfutil@tempdimb=\dimen140

(c:/texlive/2021/texmf-dist/tex/generic/pgf/utilities/pgfutil-common-lists.tex)
) (c:/texlive/2021/texmf-dist/tex/generic/pgf/utilities/pgfutil-latex.def
\pgfutil@abb=\box47
)
(c:/texlive/2021/texmf-dist/tex/generic/pgf/utilities/pgfrcs.code.tex
(c:/texlive/2021/texmf-dist/tex/generic/pgf/pgf.revision.tex)
Package: pgfrcs 2020/12/27 v3.1.8b (3.1.8b)
))
Package: pgf 2020/12/27 v3.1.8b (3.1.8b)

(c:/texlive/2021/texmf-dist/tex/latex/pgf/basiclayer/pgfcore.sty
(c:/texlive/2021/texmf-dist/tex/latex/graphics/graphicx.sty
Package: graphicx 2020/09/09 v1.2b Enhanced LaTeX Graphics (DPC,SPQR)

(c:/texlive/2021/texmf-dist/tex/latex/graphics/graphics.sty
Package: graphics 2020/08/30 v1.4c Standard LaTeX Graphics (DPC,SPQR)

(c:/texlive/2021/texmf-dist/tex/latex/graphics/trig.sty
Package: trig 2016/01/03 v1.10 sin cos tan (DPC)
)
(c:/texlive/2021/texmf-dist/tex/latex/graphics-cfg/graphics.cfg
File: graphics.cfg 2016/06/04 v1.11 sample graphics configuration
)
Package graphics Info: Driver file: pdftex.def on input line 105.
)
\Gin@req@height=\dimen141
\Gin@req@width=\dimen142
)
(c:/texlive/2021/texmf-dist/tex/latex/pgf/systemlayer/pgfsys.sty
(c:/texlive/2021/texmf-dist/tex/generic/pgf/systemlayer/pgfsys.code.tex
Package: pgfsys 2020/12/27 v3.1.8b (3.1.8b)

(c:/texlive/2021/texmf-dist/tex/generic/pgf/utilities/pgfkeys.code.tex
\pgfkeys@pathtoks=\toks18
\pgfkeys@temptoks=\toks19

(c:/texlive/2021/texmf-dist/tex/generic/pgf/utilities/pgfkeysfiltered.code.tex
\pgfkeys@tmptoks=\toks20
))
\pgf@x=\dimen143
\pgf@y=\dimen144
\pgf@xa=\dimen145
\pgf@ya=\dimen146
\pgf@xb=\dimen147
\pgf@yb=\dimen148
\pgf@xc=\dimen149
\pgf@yc=\dimen150
\pgf@xd=\dimen151
\pgf@yd=\dimen152
\w@pgf@writea=\write3
\r@pgf@reada=\read2
\c@pgf@counta=\count189
\c@pgf@countb=\count190
\c@pgf@countc=\count191
\c@pgf@countd=\count192
\t@pgf@toka=\toks21
\t@pgf@tokb=\toks22
\t@pgf@tokc=\toks23
\pgf@sys@id@count=\count193
 (c:/texlive/2021/texmf-dist/tex/generic/pgf/systemlayer/pgf.cfg
File: pgf.cfg 2020/12/27 v3.1.8b (3.1.8b)
)
Driver file for pgf: pgfsys-pdftex.def

(c:/texlive/2021/texmf-dist/tex/generic/pgf/systemlayer/pgfsys-pdftex.def
File: pgfsys-pdftex.def 2020/12/27 v3.1.8b (3.1.8b)

(c:/texlive/2021/texmf-dist/tex/generic/pgf/systemlayer/pgfsys-common-pdf.def
File: pgfsys-common-pdf.def 2020/12/27 v3.1.8b (3.1.8b)
)))
(c:/texlive/2021/texmf-dist/tex/generic/pgf/systemlayer/pgfsyssoftpath.code.tex
File: pgfsyssoftpath.code.tex 2020/12/27 v3.1.8b (3.1.8b)
\pgfsyssoftpath@smallbuffer@items=\count194
\pgfsyssoftpath@bigbuffer@items=\count195
)
(c:/texlive/2021/texmf-dist/tex/generic/pgf/systemlayer/pgfsysprotocol.code.tex
File: pgfsysprotocol.code.tex 2020/12/27 v3.1.8b (3.1.8b)
)) (c:/texlive/2021/texmf-dist/tex/generic/pgf/basiclayer/pgfcore.code.tex
Package: pgfcore 2020/12/27 v3.1.8b (3.1.8b)

(c:/texlive/2021/texmf-dist/tex/generic/pgf/math/pgfmath.code.tex
(c:/texlive/2021/texmf-dist/tex/generic/pgf/math/pgfmathcalc.code.tex
(c:/texlive/2021/texmf-dist/tex/generic/pgf/math/pgfmathutil.code.tex)
(c:/texlive/2021/texmf-dist/tex/generic/pgf/math/pgfmathparser.code.tex
\pgfmath@dimen=\dimen153
\pgfmath@count=\count196
\pgfmath@box=\box48
\pgfmath@toks=\toks24
\pgfmath@stack@operand=\toks25
\pgfmath@stack@operation=\toks26
)
(c:/texlive/2021/texmf-dist/tex/generic/pgf/math/pgfmathfunctions.code.tex
(c:/texlive/2021/texmf-dist/tex/generic/pgf/math/pgfmathfunctions.basic.code.te
x)
(c:/texlive/2021/texmf-dist/tex/generic/pgf/math/pgfmathfunctions.trigonometric
.code.tex)
(c:/texlive/2021/texmf-dist/tex/generic/pgf/math/pgfmathfunctions.random.code.t
ex)
(c:/texlive/2021/texmf-dist/tex/generic/pgf/math/pgfmathfunctions.comparison.co
de.tex)
(c:/texlive/2021/texmf-dist/tex/generic/pgf/math/pgfmathfunctions.base.code.tex
)
(c:/texlive/2021/texmf-dist/tex/generic/pgf/math/pgfmathfunctions.round.code.te
x)
(c:/texlive/2021/texmf-dist/tex/generic/pgf/math/pgfmathfunctions.misc.code.tex
)
(c:/texlive/2021/texmf-dist/tex/generic/pgf/math/pgfmathfunctions.integerarithm
etics.code.tex)))
(c:/texlive/2021/texmf-dist/tex/generic/pgf/math/pgfmathfloat.code.tex
\c@pgfmathroundto@lastzeros=\count197
))
(c:/texlive/2021/texmf-dist/tex/generic/pgf/math/pgfint.code.tex)
(c:/texlive/2021/texmf-dist/tex/generic/pgf/basiclayer/pgfcorepoints.code.tex
File: pgfcorepoints.code.tex 2020/12/27 v3.1.8b (3.1.8b)
\pgf@picminx=\dimen154
\pgf@picmaxx=\dimen155
\pgf@picminy=\dimen156
\pgf@picmaxy=\dimen157
\pgf@pathminx=\dimen158
\pgf@pathmaxx=\dimen159
\pgf@pathminy=\dimen160
\pgf@pathmaxy=\dimen161
\pgf@xx=\dimen162
\pgf@xy=\dimen163
\pgf@yx=\dimen164
\pgf@yy=\dimen165
\pgf@zx=\dimen166
\pgf@zy=\dimen167
)
(c:/texlive/2021/texmf-dist/tex/generic/pgf/basiclayer/pgfcorepathconstruct.cod
e.tex
File: pgfcorepathconstruct.code.tex 2020/12/27 v3.1.8b (3.1.8b)
\pgf@path@lastx=\dimen168
\pgf@path@lasty=\dimen169
)
(c:/texlive/2021/texmf-dist/tex/generic/pgf/basiclayer/pgfcorepathusage.code.te
x
File: pgfcorepathusage.code.tex 2020/12/27 v3.1.8b (3.1.8b)
\pgf@shorten@end@additional=\dimen170
\pgf@shorten@start@additional=\dimen171
)
(c:/texlive/2021/texmf-dist/tex/generic/pgf/basiclayer/pgfcorescopes.code.tex
File: pgfcorescopes.code.tex 2020/12/27 v3.1.8b (3.1.8b)
\pgfpic=\box49
\pgf@hbox=\box50
\pgf@layerbox@main=\box51
\pgf@picture@serial@count=\count198
)
(c:/texlive/2021/texmf-dist/tex/generic/pgf/basiclayer/pgfcoregraphicstate.code
.tex
File: pgfcoregraphicstate.code.tex 2020/12/27 v3.1.8b (3.1.8b)
\pgflinewidth=\dimen172
)
(c:/texlive/2021/texmf-dist/tex/generic/pgf/basiclayer/pgfcoretransformations.c
ode.tex
File: pgfcoretransformations.code.tex 2020/12/27 v3.1.8b (3.1.8b)
\pgf@pt@x=\dimen173
\pgf@pt@y=\dimen174
\pgf@pt@temp=\dimen175
)
(c:/texlive/2021/texmf-dist/tex/generic/pgf/basiclayer/pgfcorequick.code.tex
File: pgfcorequick.code.tex 2020/12/27 v3.1.8b (3.1.8b)
)
(c:/texlive/2021/texmf-dist/tex/generic/pgf/basiclayer/pgfcoreobjects.code.tex
File: pgfcoreobjects.code.tex 2020/12/27 v3.1.8b (3.1.8b)
)
(c:/texlive/2021/texmf-dist/tex/generic/pgf/basiclayer/pgfcorepathprocessing.co
de.tex
File: pgfcorepathprocessing.code.tex 2020/12/27 v3.1.8b (3.1.8b)
)
(c:/texlive/2021/texmf-dist/tex/generic/pgf/basiclayer/pgfcorearrows.code.tex
File: pgfcorearrows.code.tex 2020/12/27 v3.1.8b (3.1.8b)
\pgfarrowsep=\dimen176
)
(c:/texlive/2021/texmf-dist/tex/generic/pgf/basiclayer/pgfcoreshade.code.tex
File: pgfcoreshade.code.tex 2020/12/27 v3.1.8b (3.1.8b)
\pgf@max=\dimen177
\pgf@sys@shading@range@num=\count199
\pgf@shadingcount=\count266
)
(c:/texlive/2021/texmf-dist/tex/generic/pgf/basiclayer/pgfcoreimage.code.tex
File: pgfcoreimage.code.tex 2020/12/27 v3.1.8b (3.1.8b)

(c:/texlive/2021/texmf-dist/tex/generic/pgf/basiclayer/pgfcoreexternal.code.tex
File: pgfcoreexternal.code.tex 2020/12/27 v3.1.8b (3.1.8b)
\pgfexternal@startupbox=\box52
))
(c:/texlive/2021/texmf-dist/tex/generic/pgf/basiclayer/pgfcorelayers.code.tex
File: pgfcorelayers.code.tex 2020/12/27 v3.1.8b (3.1.8b)
)
(c:/texlive/2021/texmf-dist/tex/generic/pgf/basiclayer/pgfcoretransparency.code
.tex
File: pgfcoretransparency.code.tex 2020/12/27 v3.1.8b (3.1.8b)
)
(c:/texlive/2021/texmf-dist/tex/generic/pgf/basiclayer/pgfcorepatterns.code.tex
File: pgfcorepatterns.code.tex 2020/12/27 v3.1.8b (3.1.8b)
) (c:/texlive/2021/texmf-dist/tex/generic/pgf/basiclayer/pgfcorerdf.code.tex
File: pgfcorerdf.code.tex 2020/12/27 v3.1.8b (3.1.8b)
))) (c:/texlive/2021/texmf-dist/tex/generic/pgf/modules/pgfmoduleshapes.code.te
x
File: pgfmoduleshapes.code.tex 2020/12/27 v3.1.8b (3.1.8b)
\pgfnodeparttextbox=\box53
)
(c:/texlive/2021/texmf-dist/tex/generic/pgf/modules/pgfmoduleplot.code.tex
File: pgfmoduleplot.code.tex 2020/12/27 v3.1.8b (3.1.8b)
)
(c:/texlive/2021/texmf-dist/tex/latex/pgf/compatibility/pgfcomp-version-0-65.st
y
Package: pgfcomp-version-0-65 2020/12/27 v3.1.8b (3.1.8b)
\pgf@nodesepstart=\dimen178
\pgf@nodesepend=\dimen179
)
(c:/texlive/2021/texmf-dist/tex/latex/pgf/compatibility/pgfcomp-version-1-18.st
y
Package: pgfcomp-version-1-18 2020/12/27 v3.1.8b (3.1.8b)
)) (c:/texlive/2021/texmf-dist/tex/latex/pgf/utilities/pgffor.sty
(c:/texlive/2021/texmf-dist/tex/latex/pgf/utilities/pgfkeys.sty
(c:/texlive/2021/texmf-dist/tex/generic/pgf/utilities/pgfkeys.code.tex))
(c:/texlive/2021/texmf-dist/tex/latex/pgf/math/pgfmath.sty
(c:/texlive/2021/texmf-dist/tex/generic/pgf/math/pgfmath.code.tex))
(c:/texlive/2021/texmf-dist/tex/generic/pgf/utilities/pgffor.code.tex
Package: pgffor 2020/12/27 v3.1.8b (3.1.8b)

(c:/texlive/2021/texmf-dist/tex/generic/pgf/math/pgfmath.code.tex)
\pgffor@iter=\dimen180
\pgffor@skip=\dimen181
\pgffor@stack=\toks27
\pgffor@toks=\toks28
))
(c:/texlive/2021/texmf-dist/tex/generic/pgf/frontendlayer/tikz/tikz.code.tex
Package: tikz 2020/12/27 v3.1.8b (3.1.8b)

(c:/texlive/2021/texmf-dist/tex/generic/pgf/libraries/pgflibraryplothandlers.co
de.tex
File: pgflibraryplothandlers.code.tex 2020/12/27 v3.1.8b (3.1.8b)
\pgf@plot@mark@count=\count267
\pgfplotmarksize=\dimen182
)
\tikz@lastx=\dimen183
\tikz@lasty=\dimen184
\tikz@lastxsaved=\dimen185
\tikz@lastysaved=\dimen186
\tikz@lastmovetox=\dimen187
\tikz@lastmovetoy=\dimen188
\tikzleveldistance=\dimen189
\tikzsiblingdistance=\dimen190
\tikz@figbox=\box54
\tikz@figbox@bg=\box55
\tikz@tempbox=\box56
\tikz@tempbox@bg=\box57
\tikztreelevel=\count268
\tikznumberofchildren=\count269
\tikznumberofcurrentchild=\count270
\tikz@fig@count=\count271

(c:/texlive/2021/texmf-dist/tex/generic/pgf/modules/pgfmodulematrix.code.tex
File: pgfmodulematrix.code.tex 2020/12/27 v3.1.8b (3.1.8b)
\pgfmatrixcurrentrow=\count272
\pgfmatrixcurrentcolumn=\count273
\pgf@matrix@numberofcolumns=\count274
)
\tikz@expandcount=\count275

(c:/texlive/2021/texmf-dist/tex/generic/pgf/frontendlayer/tikz/libraries/tikzli
brarytopaths.code.tex
File: tikzlibrarytopaths.code.tex 2020/12/27 v3.1.8b (3.1.8b)
))) (c:/texlive/2021/texmf-dist/tex/latex/tools/calc.sty
Package: calc 2017/05/25 v4.3 Infix arithmetic (KKT,FJ)
\calc@Acount=\count276
\calc@Bcount=\count277
\calc@Adimen=\dimen191
\calc@Bdimen=\dimen192
\calc@Askip=\skip49
\calc@Bskip=\skip50
LaTeX Info: Redefining \setlength on input line 80.
LaTeX Info: Redefining \addtolength on input line 81.
\calc@Ccount=\count278
\calc@Cskip=\skip51
)
\c@@todonotes@numberoftodonotes=\count279
) (c:/texlive/2021/texmf-dist/tex/latex/amsmath/amsmath.sty
Package: amsmath 2020/09/23 v2.17i AMS math features
\@mathmargin=\skip52

For additional information on amsmath, use the `?' option.
(c:/texlive/2021/texmf-dist/tex/latex/amsmath/amstext.sty
Package: amstext 2000/06/29 v2.01 AMS text

(c:/texlive/2021/texmf-dist/tex/latex/amsmath/amsgen.sty
File: amsgen.sty 1999/11/30 v2.0 generic functions
\@emptytoks=\toks29
\ex@=\dimen193
))
(c:/texlive/2021/texmf-dist/tex/latex/amsmath/amsbsy.sty
Package: amsbsy 1999/11/29 v1.2d Bold Symbols
\pmbraise@=\dimen194
)
(c:/texlive/2021/texmf-dist/tex/latex/amsmath/amsopn.sty
Package: amsopn 2016/03/08 v2.02 operator names
)
\inf@bad=\count280
LaTeX Info: Redefining \frac on input line 234.
\uproot@=\count281
\leftroot@=\count282
LaTeX Info: Redefining \overline on input line 399.
\classnum@=\count283
\DOTSCASE@=\count284
LaTeX Info: Redefining \ldots on input line 496.
LaTeX Info: Redefining \dots on input line 499.
LaTeX Info: Redefining \cdots on input line 620.
\Mathstrutbox@=\box58
\strutbox@=\box59
\big@size=\dimen195
LaTeX Font Info:    Redeclaring font encoding OML on input line 743.
LaTeX Font Info:    Redeclaring font encoding OMS on input line 744.
\macc@depth=\count285
\c@MaxMatrixCols=\count286
\dotsspace@=\muskip16
\c@parentequation=\count287
\dspbrk@lvl=\count288
\tag@help=\toks30
\row@=\count289
\column@=\count290
\maxfields@=\count291
\andhelp@=\toks31
\eqnshift@=\dimen196
\alignsep@=\dimen197
\tagshift@=\dimen198
\tagwidth@=\dimen199
\totwidth@=\dimen256
\lineht@=\dimen257
\@envbody=\toks32
\multlinegap=\skip53
\multlinetaggap=\skip54
\mathdisplay@stack=\toks33
LaTeX Info: Redefining \[ on input line 2923.
LaTeX Info: Redefining \] on input line 2924.
)
(c:/texlive/2021/texmf-dist/tex/latex/amscls/amsthm.sty
Package: amsthm 2020/05/29 v2.20.6
\thm@style=\toks34
\thm@bodyfont=\toks35
\thm@headfont=\toks36
\thm@notefont=\toks37
\thm@headpunct=\toks38
\thm@preskip=\skip55
\thm@postskip=\skip56
\thm@headsep=\skip57
\dth@everypar=\toks39
)
(c:/texlive/2021/texmf-dist/tex/latex/amsfonts/amsfonts.sty
Package: amsfonts 2013/01/14 v3.01 Basic AMSFonts support
\symAMSa=\mathgroup4
\symAMSb=\mathgroup5
LaTeX Font Info:    Redeclaring math symbol \hbar on input line 98.
LaTeX Font Info:    Overwriting math alphabet `\mathfrak' in version `bold'
(Font)                  U/euf/m/n --> U/euf/b/n on input line 106.
)
(c:/texlive/2021/texmf-dist/tex/latex/amsfonts/amssymb.sty
Package: amssymb 2013/01/14 v3.01 AMS font symbols
)
(c:/texlive/2021/texmf-dist/tex/latex/amsfonts/eucal.sty
Package: eucal 2009/06/22 v3.00 Euler Script fonts
LaTeX Font Info:    Overwriting math alphabet `\EuScript' in version `bold'
(Font)                  U/eus/m/n --> U/eus/b/n on input line 33.
)
(c:/texlive/2021/texmf-dist/tex/latex/base/latexsym.sty
Package: latexsym 1998/08/17 v2.2e Standard LaTeX package (lasy symbols)
\symlasy=\mathgroup6
LaTeX Font Info:    Overwriting symbol font `lasy' in version `bold'
(Font)                  U/lasy/m/n --> U/lasy/b/n on input line 52.
)
(c:/texlive/2021/texmf-dist/tex/generic/babel/babel.sty
Package: babel 2021/03/24 3.56 The Babel package

(c:/texlive/2021/texmf-dist/tex/generic/babel/babel.def
File: babel.def 2021/03/24 3.56 Babel common definitions
\babel@savecnt=\count292
\U@D=\dimen258
\l@babelnohyphens=\language87

(c:/texlive/2021/texmf-dist/tex/generic/babel/txtbabel.def)
\bbl@readstream=\read3
)
\bbl@dirlevel=\count293

(c:/texlive/2021/texmf-dist/tex/generic/babel-portuges/portuguese.ldf
Language: portuges 2021/02/04 v1.2s Portuguese support from the babel system
Package babel Info: Making " an active character on input line 143.
))
(c:/texlive/2021/texmf-dist/tex/latex/lm/lmodern.sty
Package: lmodern 2015/05/01 v1.6.1 Latin Modern Fonts
LaTeX Font Info:    Overwriting symbol font `operators' in version `normal'
(Font)                  OT1/cmr/m/n --> OT1/lmr/m/n on input line 22.
LaTeX Font Info:    Overwriting symbol font `letters' in version `normal'
(Font)                  OML/cmm/m/it --> OML/lmm/m/it on input line 23.
LaTeX Font Info:    Overwriting symbol font `symbols' in version `normal'
(Font)                  OMS/cmsy/m/n --> OMS/lmsy/m/n on input line 24.
LaTeX Font Info:    Overwriting symbol font `largesymbols' in version `normal'
(Font)                  OMX/cmex/m/n --> OMX/lmex/m/n on input line 25.
LaTeX Font Info:    Overwriting symbol font `operators' in version `bold'
(Font)                  OT1/cmr/bx/n --> OT1/lmr/bx/n on input line 26.
LaTeX Font Info:    Overwriting symbol font `letters' in version `bold'
(Font)                  OML/cmm/b/it --> OML/lmm/b/it on input line 27.
LaTeX Font Info:    Overwriting symbol font `symbols' in version `bold'
(Font)                  OMS/cmsy/b/n --> OMS/lmsy/b/n on input line 28.
LaTeX Font Info:    Overwriting symbol font `largesymbols' in version `bold'
(Font)                  OMX/cmex/m/n --> OMX/lmex/m/n on input line 29.
LaTeX Font Info:    Overwriting math alphabet `\mathbf' in version `normal'
(Font)                  OT1/cmr/bx/n --> OT1/lmr/bx/n on input line 31.
LaTeX Font Info:    Overwriting math alphabet `\mathsf' in version `normal'
(Font)                  OT1/cmss/m/n --> OT1/lmss/m/n on input line 32.
LaTeX Font Info:    Overwriting math alphabet `\mathit' in version `normal'
(Font)                  OT1/cmr/m/it --> OT1/lmr/m/it on input line 33.
LaTeX Font Info:    Overwriting math alphabet `\mathtt' in version `normal'
(Font)                  OT1/cmtt/m/n --> OT1/lmtt/m/n on input line 34.
LaTeX Font Info:    Overwriting math alphabet `\mathbf' in version `bold'
(Font)                  OT1/cmr/bx/n --> OT1/lmr/bx/n on input line 35.
LaTeX Font Info:    Overwriting math alphabet `\mathsf' in version `bold'
(Font)                  OT1/cmss/bx/n --> OT1/lmss/bx/n on input line 36.
LaTeX Font Info:    Overwriting math alphabet `\mathit' in version `bold'
(Font)                  OT1/cmr/bx/it --> OT1/lmr/bx/it on input line 37.
LaTeX Font Info:    Overwriting math alphabet `\mathtt' in version `bold'
(Font)                  OT1/cmtt/m/n --> OT1/lmtt/m/n on input line 38.
)
(c:/texlive/2021/texmf-dist/tex/latex/base/fontenc.sty
Package: fontenc 2020/08/10 v2.0s Standard LaTeX package
LaTeX Font Info:    Trying to load font information for T1+lmr on input line 11
2.

(c:/texlive/2021/texmf-dist/tex/latex/lm/t1lmr.fd
File: t1lmr.fd 2015/05/01 v1.6.1 Font defs for Latin Modern
))
(c:/texlive/2021/texmf-dist/tex/latex/base/inputenc.sty
Package: inputenc 2020/08/01 v1.3d Input encoding file
\inpenc@prehook=\toks40
\inpenc@posthook=\toks41
)
(c:/texlive/2021/texmf-dist/tex/latex/setspace/setspace.sty
Package: setspace 2011/12/19 v6.7a set line spacing
)
(c:/texlive/2021/texmf-dist/tex/latex/tools/bm.sty
Package: bm 2019/07/24 v1.2d Bold Symbol Support (DPC/FMi)
\symboldoperators=\mathgroup7
\symboldletters=\mathgroup8
\symboldsymbols=\mathgroup9
\symboldlasy=\mathgroup10
LaTeX Font Info:    Redeclaring math alphabet \mathbf on input line 141.
LaTeX Info: Redefining \bm on input line 209.
) (./algorithm2e.sty
Package: algorithm2e 2008/00/00 v3.10 algorithms environments
\c@AlgoLine=\count294

(c:/texlive/2021/texmf-dist/tex/latex/tools/xspace.sty
Package: xspace 2014/10/28 v1.13 Space after command names (DPC,MH)
)
(c:/texlive/2021/texmf-dist/tex/latex/relsize/relsize.sty
Package: relsize 2013/03/29 ver 4.1
)
********************************************************
Package `algorithm2e' Release 4.01 -- december 14 2009 --
- algorithm2e-announce@lirmm.fr mailing list for announcement about releases
- algorithm2e-discussion@lirmm.fr mailing list for discussion about package
subscribe by emailing sympa@lirmm.fr with 'subscribe <list> <firstname name>'
- Author: Christophe Fiorio (fiorio@lirmm.fr)
********************************************************
\skiptotal=\skip58
\skiplinenumber=\skip59
\skiprule=\skip60
\skiphlne=\skip61
\skiptext=\skip62
\skiplength=\skip63
\algomargin=\skip64
\skipalgocfslide=\skip65
\algowidth=\dimen259
\inoutsize=\dimen260
\inoutline=\dimen261
\interspacetitleruled=\dimen262
\interspacealgoruled=\dimen263
\interspacetitleboxruled=\dimen264
\algocf@inoutbox=\box60
\algocf@inputbox=\box61
\AlCapSkip=\skip66
\AlCapHSkip=\skip67
\algocf@nlbox=\box62
\algocf@hangingbox=\box63
\algocf@capbox=\box64
\algoheightruledefault=\skip68
\algoheightrule=\skip69
\algotitleheightruledefault=\skip70
\algotitleheightrule=\skip71
\c@algocfline=\count295
\c@algocfproc=\count296
\c@algocf=\count297
\algocf@algoframe=\box65
\algocf@algobox=\box66
) (c:/texlive/2021/texmf-dist/tex/latex/listings/listings.sty
\lst@mode=\count298
\lst@gtempboxa=\box67
\lst@token=\toks42
\lst@length=\count299
\lst@currlwidth=\dimen265
\lst@column=\count300
\lst@pos=\count301
\lst@lostspace=\dimen266
\lst@width=\dimen267
\lst@newlines=\count302
\lst@lineno=\count303
\lst@maxwidth=\dimen268

(c:/texlive/2021/texmf-dist/tex/latex/listings/lstmisc.sty
File: lstmisc.sty 2020/03/24 1.8d (Carsten Heinz)
\c@lstnumber=\count304
\lst@skipnumbers=\count305
\lst@framebox=\box68
)
(c:/texlive/2021/texmf-dist/tex/latex/listings/listings.cfg
File: listings.cfg 2020/03/24 1.8d listings configuration
))
Package: listings 2020/03/24 1.8d (Carsten Heinz)

(c:/texlive/2021/texmf-dist/tex/latex/caption/subcaption.sty
Package: subcaption 2020/10/07 v1.3j Sub-captions (AR)

(c:/texlive/2021/texmf-dist/tex/latex/caption/caption.sty
Package: caption 2020/10/26 v3.5g Customizing captions (AR)

(c:/texlive/2021/texmf-dist/tex/latex/caption/caption3.sty
Package: caption3 2020/10/21 v2.2e caption3 kernel (AR)
\captionmargin=\dimen269
\captionmargin@=\dimen270
\captionwidth=\dimen271
\caption@tempdima=\dimen272
\caption@indent=\dimen273
\caption@parindent=\dimen274
\caption@hangindent=\dimen275
Package caption Info: Standard document class detected.
)
\c@caption@flags=\count306
\c@continuedfloat=\count307
Package caption Info: listings package is loaded.
)
\c@subfigure=\count308
\c@subtable=\count309
)
(c:/texlive/2021/texmf-dist/tex/latex/hyperref/hyperref.sty
Package: hyperref 2021-02-27 v7.00k Hypertext links for LaTeX

(c:/texlive/2021/texmf-dist/tex/generic/ltxcmds/ltxcmds.sty
Package: ltxcmds 2020-05-10 v1.25 LaTeX kernel commands for general use (HO)
)
(c:/texlive/2021/texmf-dist/tex/generic/iftex/iftex.sty
Package: iftex 2020/03/06 v1.0d TeX engine tests
)
(c:/texlive/2021/texmf-dist/tex/generic/pdftexcmds/pdftexcmds.sty
Package: pdftexcmds 2020-06-27 v0.33 Utility functions of pdfTeX for LuaTeX (HO
)

(c:/texlive/2021/texmf-dist/tex/generic/infwarerr/infwarerr.sty
Package: infwarerr 2019/12/03 v1.5 Providing info/warning/error messages (HO)
)
Package pdftexcmds Info: \pdf@primitive is available.
Package pdftexcmds Info: \pdf@ifprimitive is available.
Package pdftexcmds Info: \pdfdraftmode found.
)
(c:/texlive/2021/texmf-dist/tex/generic/kvsetkeys/kvsetkeys.sty
Package: kvsetkeys 2019/12/15 v1.18 Key value parser (HO)
)
(c:/texlive/2021/texmf-dist/tex/generic/kvdefinekeys/kvdefinekeys.sty
Package: kvdefinekeys 2019-12-19 v1.6 Define keys (HO)
)
(c:/texlive/2021/texmf-dist/tex/generic/pdfescape/pdfescape.sty
Package: pdfescape 2019/12/09 v1.15 Implements pdfTeX's escape features (HO)
)
(c:/texlive/2021/texmf-dist/tex/latex/hycolor/hycolor.sty
Package: hycolor 2020-01-27 v1.10 Color options for hyperref/bookmark (HO)
)
(c:/texlive/2021/texmf-dist/tex/latex/letltxmacro/letltxmacro.sty
Package: letltxmacro 2019/12/03 v1.6 Let assignment for LaTeX macros (HO)
)
(c:/texlive/2021/texmf-dist/tex/latex/auxhook/auxhook.sty
Package: auxhook 2019-12-17 v1.6 Hooks for auxiliary files (HO)
)
(c:/texlive/2021/texmf-dist/tex/latex/kvoptions/kvoptions.sty
Package: kvoptions 2020-10-07 v3.14 Key value format for package options (HO)
)
\@linkdim=\dimen276
\Hy@linkcounter=\count310
\Hy@pagecounter=\count311

(c:/texlive/2021/texmf-dist/tex/latex/hyperref/pd1enc.def
File: pd1enc.def 2021-02-27 v7.00k Hyperref: PDFDocEncoding definition (HO)
Now handling font encoding PD1 ...
... no UTF-8 mapping file for font encoding PD1
)
(c:/texlive/2021/texmf-dist/tex/latex/hyperref/hyperref-langpatches.def
File: hyperref-langpatches.def 2021-02-27 v7.00k Hyperref: patches for babel la
nguages
)
(c:/texlive/2021/texmf-dist/tex/generic/intcalc/intcalc.sty
Package: intcalc 2019/12/15 v1.3 Expandable calculations with integers (HO)
)
(c:/texlive/2021/texmf-dist/tex/generic/etexcmds/etexcmds.sty
Package: etexcmds 2019/12/15 v1.7 Avoid name clashes with e-TeX commands (HO)
)
\Hy@SavedSpaceFactor=\count312

(c:/texlive/2021/texmf-dist/tex/latex/hyperref/puenc.def
File: puenc.def 2021-02-27 v7.00k Hyperref: PDF Unicode definition (HO)
Now handling font encoding PU ...
... no UTF-8 mapping file for font encoding PU
)
Package hyperref Info: Hyper figures OFF on input line 4192.
Package hyperref Info: Link nesting OFF on input line 4197.
Package hyperref Info: Hyper index ON on input line 4200.
Package hyperref Info: Plain pages OFF on input line 4207.
Package hyperref Info: Backreferencing OFF on input line 4212.
Package hyperref Info: Implicit mode ON; LaTeX internals redefined.
Package hyperref Info: Bookmarks ON on input line 4445.
\c@Hy@tempcnt=\count313

(c:/texlive/2021/texmf-dist/tex/latex/url/url.sty
\Urlmuskip=\muskip17
Package: url 2013/09/16  ver 3.4  Verb mode for urls, etc.
)
LaTeX Info: Redefining \url on input line 4804.
\XeTeXLinkMargin=\dimen277

(c:/texlive/2021/texmf-dist/tex/generic/bitset/bitset.sty
Package: bitset 2019/12/09 v1.3 Handle bit-vector datatype (HO)

(c:/texlive/2021/texmf-dist/tex/generic/bigintcalc/bigintcalc.sty
Package: bigintcalc 2019/12/15 v1.5 Expandable calculations on big integers (HO
)
))
\Fld@menulength=\count314
\Field@Width=\dimen278
\Fld@charsize=\dimen279
Package hyperref Info: Hyper figures OFF on input line 6075.
Package hyperref Info: Link nesting OFF on input line 6080.
Package hyperref Info: Hyper index ON on input line 6083.
Package hyperref Info: backreferencing OFF on input line 6090.
Package hyperref Info: Link coloring OFF on input line 6095.
Package hyperref Info: Link coloring with OCG OFF on input line 6100.
Package hyperref Info: PDF/A mode OFF on input line 6105.
LaTeX Info: Redefining \ref on input line 6145.
LaTeX Info: Redefining \pageref on input line 6149.

(c:/texlive/2021/texmf-dist/tex/latex/base/atbegshi-ltx.sty
Package: atbegshi-ltx 2020/08/17 v1.0a Emulation of the original atbegshi packa
ge
with kernel methods
)
\Hy@abspage=\count315
\c@Item=\count316
\c@Hfootnote=\count317
)
Package hyperref Info: Driver (autodetected): hpdftex.

(c:/texlive/2021/texmf-dist/tex/latex/hyperref/hpdftex.def
File: hpdftex.def 2021-02-27 v7.00k Hyperref driver for pdfTeX

(c:/texlive/2021/texmf-dist/tex/latex/base/atveryend-ltx.sty
Package: atveryend-ltx 2020/08/19 v1.0a Emulation of the original atvery packag
e
with kernel methods
)
\Fld@listcount=\count318
\c@bookmark@seq@number=\count319

(c:/texlive/2021/texmf-dist/tex/latex/rerunfilecheck/rerunfilecheck.sty
Package: rerunfilecheck 2019/12/05 v1.9 Rerun checks for auxiliary files (HO)

(c:/texlive/2021/texmf-dist/tex/generic/uniquecounter/uniquecounter.sty
Package: uniquecounter 2019/12/15 v1.4 Provide unlimited unique counter (HO)
)
Package uniquecounter Info: New unique counter `rerunfilecheck' on input line 2
86.
)
\Hy@SectionHShift=\skip72
)
(c:/texlive/2021/texmf-dist/tex/generic/ulem/ulem.sty
\UL@box=\box69
\UL@hyphenbox=\box70
\UL@skip=\skip73
\UL@hook=\toks43
\UL@height=\dimen280
\UL@pe=\count320
\UL@pixel=\dimen281
\ULC@box=\box71
Package: ulem 2019/11/18
\ULdepth=\dimen282
)
Package hyperref Info: Option `colorlinks' set `true' on input line 42.
Package hyperref Info: Option `debug' set `false' on input line 42.
Package hyperref Info: Option `bookmarksopen' set `true' on input line 42.

(c:/texlive/2021/texmf-dist/tex/latex/natbib/natbib.sty
Package: natbib 2010/09/13 8.31b (PWD, AO)
\bibhang=\skip74
\bibsep=\skip75
LaTeX Info: Redefining \cite on input line 694.
\c@NAT@ctr=\count321
)
(c:/texlive/2021/texmf-dist/tex/latex/multirow/multirow.sty
Package: multirow 2021/03/15 v2.8 Span multiple rows of a table
\multirow@colwidth=\skip76
\multirow@cntb=\count322
\multirow@dima=\skip77
\bigstrutjot=\dimen283
)
(c:/texlive/2021/texmf-dist/tex/latex/placeins/placeins.sty
Package: placeins 2005/04/18  v 2.2
)
(c:/texlive/2021/texmf-dist/tex/latex/mathtools/mathtools.sty
Package: mathtools 2021/03/18 v1.25 mathematical typesetting tools

(c:/texlive/2021/texmf-dist/tex/latex/mathtools/mhsetup.sty
Package: mhsetup 2021/03/18 v1.4 programming setup (MH)
)
LaTeX Info: Thecontrolsequence`\('isalreadyrobust on input line 130.
LaTeX Info: Thecontrolsequence`\)'isalreadyrobust on input line 130.
LaTeX Info: Thecontrolsequence`\['isalreadyrobust on input line 130.
LaTeX Info: Thecontrolsequence`\]'isalreadyrobust on input line 130.
\g_MT_multlinerow_int=\count323
\l_MT_multwidth_dim=\dimen284
\origjot=\skip78
\l_MT_shortvdotswithinadjustabove_dim=\dimen285
\l_MT_shortvdotswithinadjustbelow_dim=\dimen286
\l_MT_above_intertext_sep=\dimen287
\l_MT_below_intertext_sep=\dimen288
\l_MT_above_shortintertext_sep=\dimen289
\l_MT_below_shortintertext_sep=\dimen290
\xmathstrut@box=\box72
\xmathstrut@dim=\dimen291
)
(c:/texlive/2021/texmf-dist/tex/latex/fourier/fourier.sty
Package: fourier 2020/03/03 2.2 fourier-GUTenberg package
Now handling font encoding FML ...
... no UTF-8 mapping file for font encoding FML
Now handling font encoding FMS ...
... no UTF-8 mapping file for font encoding FMS
Now handling font encoding FMX ...
... no UTF-8 mapping file for font encoding FMX

(c:/texlive/2021/texmf-dist/tex/latex/base/fontenc.sty
Package: fontenc 2020/08/10 v2.0s Standard LaTeX package
LaTeX Font Info:    Trying to load font information for T1+futs on input line 1
12.

(c:/texlive/2021/texmf-dist/tex/latex/fourier/t1futs.fd
File: t1futs.fd 2004/03/02 Fontinst v1.926 font definitions for T1/futs.
))
(c:/texlive/2021/texmf-dist/tex/latex/base/textcomp.sty
Package: textcomp 2020/02/02 v2.0n Standard LaTeX package
)
(c:/texlive/2021/texmf-dist/tex/latex/fourier/fourier-orns.sty
Package: fourier-orns 2020/03/03 2.2 fourier-ornaments package
)
LaTeX Font Info:    Redeclaring symbol font `operators' on input line 63.
LaTeX Font Info:    Encoding `OT1' has changed to `T1' for symbol font
(Font)              `operators' in the math version `normal' on input line 63.
LaTeX Font Info:    Overwriting symbol font `operators' in version `normal'
(Font)                  OT1/lmr/m/n --> T1/futs/m/n on input line 63.
LaTeX Font Info:    Encoding `OT1' has changed to `T1' for symbol font
(Font)              `operators' in the math version `bold' on input line 63.
LaTeX Font Info:    Overwriting symbol font `operators' in version `bold'
(Font)                  OT1/lmr/bx/n --> T1/futs/m/n on input line 63.
LaTeX Font Info:    Overwriting symbol font `operators' in version `bold'
(Font)                  T1/futs/m/n --> T1/futs/b/n on input line 64.
LaTeX Font Info:    Redeclaring symbol font `letters' on input line 72.
LaTeX Font Info:    Encoding `OML' has changed to `FML' for symbol font
(Font)              `letters' in the math version `normal' on input line 72.
LaTeX Font Info:    Overwriting symbol font `letters' in version `normal'
(Font)                  OML/lmm/m/it --> FML/futmi/m/it on input line 72.
LaTeX Font Info:    Encoding `OML' has changed to `FML' for symbol font
(Font)              `letters' in the math version `bold' on input line 72.
LaTeX Font Info:    Overwriting symbol font `letters' in version `bold'
(Font)                  OML/lmm/b/it --> FML/futmi/m/it on input line 72.
\symotherletters=\mathgroup11
LaTeX Font Info:    Overwriting symbol font `letters' in version `bold'
(Font)                  FML/futmi/m/it --> FML/futmi/b/it on input line 74.
LaTeX Font Info:    Overwriting symbol font `otherletters' in version `bold'
(Font)                  FML/futm/m/it --> FML/futm/b/it on input line 75.
LaTeX Font Info:    Redeclaring math symbol \Gamma on input line 76.
LaTeX Font Info:    Redeclaring math symbol \Delta on input line 77.
LaTeX Font Info:    Redeclaring math symbol \Theta on input line 78.
LaTeX Font Info:    Redeclaring math symbol \Lambda on input line 79.
LaTeX Font Info:    Redeclaring math symbol \Xi on input line 80.
LaTeX Font Info:    Redeclaring math symbol \Pi on input line 81.
LaTeX Font Info:    Redeclaring math symbol \Sigma on input line 82.
LaTeX Font Info:    Redeclaring math symbol \Upsilon on input line 83.
LaTeX Font Info:    Redeclaring math symbol \Phi on input line 84.
LaTeX Font Info:    Redeclaring math symbol \Psi on input line 85.
LaTeX Font Info:    Redeclaring math symbol \Omega on input line 86.
LaTeX Font Info:    Redeclaring symbol font `symbols' on input line 126.
LaTeX Font Info:    Encoding `OMS' has changed to `FMS' for symbol font
(Font)              `symbols' in the math version `normal' on input line 126.
LaTeX Font Info:    Overwriting symbol font `symbols' in version `normal'
(Font)                  OMS/lmsy/m/n --> FMS/futm/m/n on input line 126.
LaTeX Font Info:    Encoding `OMS' has changed to `FMS' for symbol font
(Font)              `symbols' in the math version `bold' on input line 126.
LaTeX Font Info:    Overwriting symbol font `symbols' in version `bold'
(Font)                  OMS/lmsy/b/n --> FMS/futm/m/n on input line 126.
LaTeX Font Info:    Redeclaring symbol font `largesymbols' on input line 127.
LaTeX Font Info:    Encoding `OMX' has changed to `FMX' for symbol font
(Font)              `largesymbols' in the math version `normal' on input line 1
27.
LaTeX Font Info:    Overwriting symbol font `largesymbols' in version `normal'
(Font)                  OMX/lmex/m/n --> FMX/futm/m/n on input line 127.
LaTeX Font Info:    Encoding `OMX' has changed to `FMX' for symbol font
(Font)              `largesymbols' in the math version `bold' on input line 127
.
LaTeX Font Info:    Overwriting symbol font `largesymbols' in version `bold'
(Font)                  OMX/lmex/m/n --> FMX/futm/m/n on input line 127.
LaTeX Font Info:    Redeclaring math alphabet \mathbf on input line 128.
LaTeX Font Info:    Redeclaring math alphabet \mathrm on input line 129.
LaTeX Font Info:    Redeclaring math alphabet \mathit on input line 130.
LaTeX Font Info:    Overwriting math alphabet `\mathit' in version `normal'
(Font)                  OT1/lmr/m/it --> T1/futs/m/it on input line 130.
LaTeX Font Info:    Overwriting math alphabet `\mathit' in version `bold'
(Font)                  OT1/lmr/bx/it --> T1/futs/m/it on input line 130.
LaTeX Font Info:    Redeclaring math alphabet \mathcal on input line 131.
LaTeX Font Info:    Redeclaring math symbol \varkappa on input line 132.
LaTeX Font Info:    Redeclaring math symbol \leqslant on input line 138.
LaTeX Font Info:    Redeclaring math symbol \geqslant on input line 139.
LaTeX Font Info:    Redeclaring math symbol \vDash on input line 142.
LaTeX Font Info:    Redeclaring math symbol \blacktriangleleft on input line 14
3.
LaTeX Font Info:    Redeclaring math symbol \blacktriangleright on input line 1
44.
LaTeX Font Info:    Redeclaring math symbol \nleqslant on input line 145.
LaTeX Font Info:    Redeclaring math symbol \ngeqslant on input line 146.
LaTeX Font Info:    Redeclaring math symbol \parallel on input line 147.
LaTeX Font Info:    Redeclaring math symbol \nparallel on input line 148.
LaTeX Font Info:    Redeclaring math symbol \nvDash on input line 150.
LaTeX Font Info:    Redeclaring math symbol \intercal on input line 151.
LaTeX Font Info:    Redeclaring math symbol \hslash on input line 152.
LaTeX Font Info:    Redeclaring math symbol \nexists on input line 153.
LaTeX Font Info:    Redeclaring math symbol \complement on input line 154.
LaTeX Font Info:    Redeclaring math symbol \varsubsetneq on input line 155.
LaTeX Font Info:    Redeclaring math symbol \hbar on input line 161.
LaTeX Font Info:    Redeclaring math symbol \smallsetminus on input line 162.
LaTeX Font Info:    Redeclaring math symbol \subsetneqq on input line 163.
LaTeX Font Info:    Redeclaring math symbol \rightrightarrows on input line 164
.
LaTeX Font Info:    Redeclaring math symbol \leftleftarrows on input line 165.
LaTeX Font Info:    Redeclaring math symbol \square on input line 166.
LaTeX Font Info:    Redeclaring math symbol \curvearrowleft on input line 167.
LaTeX Font Info:    Redeclaring math symbol \curvearrowright on input line 168.

LaTeX Font Info:    Redeclaring math symbol \blacksquare on input line 169.
LaTeX Font Info:    Redeclaring math symbol \varkappa on input line 199.
LaTeX Font Info:    Redeclaring math symbol \varvarrho on input line 200.
LaTeX Font Info:    Redeclaring math delimiter \Vert on input line 223.
LaTeX Font Info:    Redeclaring math delimiter \vert on input line 228.
LaTeX Font Info:    Redeclaring math delimiter \lvert on input line 230.
LaTeX Font Info:    Redeclaring math delimiter \rvert on input line 232.
LaTeX Font Info:    Redeclaring math delimiter \lVert on input line 234.
LaTeX Font Info:    Redeclaring math delimiter \rVert on input line 236.
LaTeX Font Info:    Redeclaring math delimiter \Downarrow on input line 238.
LaTeX Font Info:    Redeclaring math delimiter \backslash on input line 240.
LaTeX Font Info:    Redeclaring math delimiter \rangle on input line 242.
LaTeX Font Info:    Redeclaring math delimiter \langle on input line 244.
LaTeX Font Info:    Redeclaring math delimiter \rbrace on input line 246.
LaTeX Font Info:    Redeclaring math delimiter \lbrace on input line 248.
LaTeX Font Info:    Redeclaring math delimiter \rceil on input line 250.
LaTeX Font Info:    Redeclaring math delimiter \lceil on input line 252.
LaTeX Font Info:    Redeclaring math delimiter \rfloor on input line 254.
LaTeX Font Info:    Redeclaring math delimiter \lfloor on input line 256.
LaTeX Font Info:    Redeclaring math accent \acute on input line 260.
LaTeX Font Info:    Redeclaring math accent \grave on input line 261.
LaTeX Font Info:    Redeclaring math accent \ddot on input line 262.
LaTeX Font Info:    Redeclaring math accent \tilde on input line 263.
LaTeX Font Info:    Redeclaring math accent \bar on input line 264.
LaTeX Font Info:    Redeclaring math accent \breve on input line 265.
LaTeX Font Info:    Redeclaring math accent \check on input line 266.
LaTeX Font Info:    Redeclaring math accent \hat on input line 267.
LaTeX Font Info:    Redeclaring math accent \dot on input line 268.
LaTeX Font Info:    Redeclaring math accent \mathring on input line 269.
\symUfutm=\mathgroup12
)
(c:/texlive/2021/texmf-dist/tex/latex/tools/array.sty
Package: array 2020/10/01 v2.5c Tabular extension package (FMi)
\col@sep=\dimen292
\ar@mcellbox=\box73
\extrarowheight=\dimen293
\NC@list=\toks44
\extratabsurround=\skip79
\backup@length=\skip80
\ar@cellbox=\box74
)
(c:/texlive/2021/texmf-dist/tex/latex/makecell/makecell.sty
Package: makecell 2009/08/03 V0.1e Managing of Tab Column Heads and Cells
\rotheadsize=\dimen294
\c@nlinenum=\count324
\TeXr@lab=\toks45
)
(c:/texlive/2021/texmf-dist/tex/latex/appendix/appendix.sty
Package: appendix 2020/02/08 v1.2c extra appendix facilities
\c@@pps=\count325
\c@@ppsavesec=\count326
\c@@ppsaveapp=\count327
)
(c:/texlive/2021/texmf-dist/tex/latex/tools/multicol.sty
Package: multicol 2019/12/09 v1.8y multicolumn formatting (FMi)
\c@tracingmulticols=\count328
\mult@box=\box75
\multicol@leftmargin=\dimen295
\c@unbalance=\count329
\c@collectmore=\count330
\doublecol@number=\count331
\multicoltolerance=\count332
\multicolpretolerance=\count333
\full@width=\dimen296
\page@free=\dimen297
\premulticols=\dimen298
\postmulticols=\dimen299
\multicolsep=\skip81
\multicolbaselineskip=\skip82
\partial@page=\box76
\last@line=\box77
\maxbalancingoverflow=\dimen300
\mult@rightbox=\box78
\mult@grightbox=\box79
\mult@gfirstbox=\box80
\mult@firstbox=\box81
\@tempa=\box82
\@tempa=\box83
\@tempa=\box84
\@tempa=\box85
\@tempa=\box86
\@tempa=\box87
\@tempa=\box88
\@tempa=\box89
\@tempa=\box90
\@tempa=\box91
\@tempa=\box92
\@tempa=\box93
\@tempa=\box94
\@tempa=\box95
\@tempa=\box96
\@tempa=\box97
\@tempa=\box98
\@tempa=\box99
\@tempa=\box100
\@tempa=\box101
\@tempa=\box102
\@tempa=\box103
\@tempa=\box104
\@tempa=\box105
\@tempa=\box106
\@tempa=\box107
\@tempa=\box108
\@tempa=\box109
\@tempa=\box110
\@tempa=\box111
\@tempa=\box112
\@tempa=\box113
\@tempa=\box114
\@tempa=\box115
\@tempa=\box116
\@tempa=\box117
\@tempa=\box118
\c@minrows=\count334
\c@columnbadness=\count335
\c@finalcolumnbadness=\count336
\last@try=\dimen301
\multicolovershoot=\dimen302
\multicolundershoot=\dimen303
\mult@nat@firstbox=\box119
\colbreak@box=\box120
\mc@col@check@num=\count337
)
\c@todocounter=\count338
\c@theorem=\count339
\c@axiom=\count340
\c@corollary=\count341
\c@lemma=\count342
\c@proposition=\count343
\c@definition=\count344
\c@example=\count345
\c@remark=\count346

\@input{hifenizacao.aux}
\openout2 = `hifenizacao.aux'.

(./hifenizacao.tex)
(c:/texlive/2021/texmf-dist/tex/latex/l3backend/l3backend-pdftex.def
File: l3backend-pdftex.def 2021-03-18 L3 backend support: PDF output (pdfTeX)
\l__color_backend_stack_int=\count347
\l__pdf_internal_box=\box121
)
(./modelo_new.aux (./pretexto.aux))
\openout1 = `modelo_new.aux'.

LaTeX Font Info:    Checking defaults for OML/cmm/m/it on input line 110.
LaTeX Font Info:    ... okay on input line 110.
LaTeX Font Info:    Checking defaults for OMS/cmsy/m/n on input line 110.
LaTeX Font Info:    ... okay on input line 110.
LaTeX Font Info:    Checking defaults for OT1/cmr/m/n on input line 110.
LaTeX Font Info:    ... okay on input line 110.
LaTeX Font Info:    Checking defaults for T1/cmr/m/n on input line 110.
LaTeX Font Info:    ... okay on input line 110.
LaTeX Font Info:    Checking defaults for TS1/cmr/m/n on input line 110.
LaTeX Font Info:    ... okay on input line 110.
LaTeX Font Info:    Checking defaults for OMX/cmex/m/n on input line 110.
LaTeX Font Info:    ... okay on input line 110.
LaTeX Font Info:    Checking defaults for U/cmr/m/n on input line 110.
LaTeX Font Info:    ... okay on input line 110.
LaTeX Font Info:    Checking defaults for PD1/pdf/m/n on input line 110.
LaTeX Font Info:    ... okay on input line 110.
LaTeX Font Info:    Checking defaults for PU/pdf/m/n on input line 110.
LaTeX Font Info:    ... okay on input line 110.
LaTeX Font Info:    Checking defaults for FML/futm/m/it on input line 110.
LaTeX Font Info:    Trying to load font information for FML+futm on input line 
110.

(c:/texlive/2021/texmf-dist/tex/latex/fourier/fmlfutm.fd
File: fmlfutm.fd 2004/10/30 Fontinst v1.926 font definitions for FML/futm.
)
LaTeX Font Info:    ... okay on input line 110.
LaTeX Font Info:    Checking defaults for FMS/futm/m/n on input line 110.
LaTeX Font Info:    Trying to load font information for FMS+futm on input line 
110.

(c:/texlive/2021/texmf-dist/tex/latex/fourier/fmsfutm.fd
File: fmsfutm.fd 2004/10/30 Fontinst v1.926 font definitions for FMS/futm.
)
LaTeX Font Info:    ... okay on input line 110.
LaTeX Font Info:    Checking defaults for FMX/futm/m/n on input line 110.
LaTeX Font Info:    Trying to load font information for FMX+futm on input line 
110.

(c:/texlive/2021/texmf-dist/tex/latex/fourier/fmxfutm.fd
File: fmxfutm.fd futm-extension
)
LaTeX Font Info:    ... okay on input line 110.

(c:/texlive/2021/texmf-dist/tex/context/base/mkii/supp-pdf.mkii
[Loading MPS to PDF converter (version 2006.09.02).]
\scratchcounter=\count348
\scratchdimen=\dimen304
\scratchbox=\box122
\nofMPsegments=\count349
\nofMParguments=\count350
\everyMPshowfont=\toks46
\MPscratchCnt=\count351
\MPscratchDim=\dimen305
\MPnumerator=\count352
\makeMPintoPDFobject=\count353
\everyMPtoPDFconversion=\toks47
) (c:/texlive/2021/texmf-dist/tex/latex/epstopdf-pkg/epstopdf-base.sty
Package: epstopdf-base 2020-01-24 v2.11 Base part for package epstopdf
Package epstopdf-base Info: Redefining graphics rule for `.eps' on input line 4
85.

(c:/texlive/2021/texmf-dist/tex/latex/latexconfig/epstopdf-sys.cfg
File: epstopdf-sys.cfg 2010/07/13 v1.3 Configuration of (r)epstopdf for TeX Liv
e
))
\c@lstlisting=\count354
Package caption Info: Begin \AtBeginDocument code.
Package caption Info: hyperref package is loaded.
Package caption Info: End \AtBeginDocument code.
Package hyperref Info: Link coloring ON on input line 110.

(c:/texlive/2021/texmf-dist/tex/latex/hyperref/nameref.sty
Package: nameref 2021-04-02 v2.47 Cross-referencing by name of section

(c:/texlive/2021/texmf-dist/tex/latex/refcount/refcount.sty
Package: refcount 2019/12/15 v3.6 Data extraction from label references (HO)
)
(c:/texlive/2021/texmf-dist/tex/generic/gettitlestring/gettitlestring.sty
Package: gettitlestring 2019/12/15 v1.6 Cleanup title references (HO)
)
\c@section@level=\count355
)
LaTeX Info: Redefining \ref on input line 110.
LaTeX Info: Redefining \pageref on input line 110.
LaTeX Info: Redefining \nameref on input line 110.

(./modelo_new.out) (./modelo_new.out)
\@outlinefile=\write4
\openout4 = `modelo_new.out'.

LaTeX Font Info:    Redeclaring math accent \widehat on input line 110.
LaTeX Font Info:    Redeclaring math accent \widetilde on input line 110.
\openout2 = `pretexto.aux'.

 (./pretexto.tex [1





{c:/texlive/2021/texmf-var/fonts/map/pdftex/updmap/pdftex.map}]pdfTeX warning (
ext4): destination with the same identifier (name{page.1}) has been already use
d, duplicate ignored
<to be read again> 
                   \relax 
l.63 
      [1]
Overfull \hbox (5.90955pt too wide) in paragraph at lines 63--63
\T1/futs/m/n/12 COMO PARTE IN-TE-GRANTE DOS RE-QUI-SI-TOS NE-CES-SÁ-RIOS PARA A
 OB-TEN-ÇÃO DO GRAU
 []


Underfull \hbox (badness 10000) in paragraph at lines 63--63

 []

pdfTeX warning (ext4): destination with the same identifier (name{page.1}) has 
been already used, duplicate ignored
<to be read again> 
                   \relax 
l.63 
      [1])pdfTeX warning (ext4): destination with the same identifier (name{pag
e.1}) has been already used, duplicate ignored
<to be read again> 
                   \relax 
l.137 \resumo{Abstract}
                        [1



] [2

] [3

]
LaTeX Font Info:    Trying to load font information for FML+futmi on input line
 177.

(c:/texlive/2021/texmf-dist/tex/latex/fourier/fmlfutmi.fd
File: fmlfutmi.fd 2004/10/30 Fontinst v1.926 font definitions for FML/futmi.
)
LaTeX Font Info:    Font shape `FMX/futm/m/n' will be
(Font)              scaled to size 11.03998pt on input line 177.
LaTeX Font Info:    Font shape `FMX/futm/m/n' will be
(Font)              scaled to size 8.27998pt on input line 177.
LaTeX Font Info:    Font shape `FMX/futm/m/n' will be
(Font)              scaled to size 6.43999pt on input line 177.
LaTeX Font Info:    Trying to load font information for U+msa on input line 177
.

(c:/texlive/2021/texmf-dist/tex/latex/amsfonts/umsa.fd
File: umsa.fd 2013/01/14 v3.01 AMS symbols A
)
LaTeX Font Info:    Trying to load font information for U+msb on input line 177
.

(c:/texlive/2021/texmf-dist/tex/latex/amsfonts/umsb.fd
File: umsb.fd 2013/01/14 v3.01 AMS symbols B
)
LaTeX Font Info:    Trying to load font information for U+lasy on input line 17
7.

(c:/texlive/2021/texmf-dist/tex/latex/base/ulasy.fd
File: ulasy.fd 1998/08/17 v2.2e LaTeX symbol font definitions
)
LaTeX Font Info:    Trying to load font information for OT1+lmr on input line 1
77.

(c:/texlive/2021/texmf-dist/tex/latex/lm/ot1lmr.fd
File: ot1lmr.fd 2015/05/01 v1.6.1 Font defs for Latin Modern
)
LaTeX Font Info:    Trying to load font information for OML+lmm on input line 1
77.

(c:/texlive/2021/texmf-dist/tex/latex/lm/omllmm.fd
File: omllmm.fd 2015/05/01 v1.6.1 Font defs for Latin Modern
)
LaTeX Font Info:    Trying to load font information for OMS+lmsy on input line 
177.

(c:/texlive/2021/texmf-dist/tex/latex/lm/omslmsy.fd
File: omslmsy.fd 2015/05/01 v1.6.1 Font defs for Latin Modern
)
LaTeX Font Info:    Font shape `U/lasy/b/n' in size <9> not available
(Font)              Font shape `U/lasy/m/n' tried instead on input line 177.
LaTeX Font Info:    Font shape `U/lasy/b/n' in size <7> not available
(Font)              Font shape `U/lasy/m/n' tried instead on input line 177.
LaTeX Font Info:    Font shape `U/futm/m/n' will be
(Font)              scaled to size 11.03998pt on input line 177.
LaTeX Font Info:    Font shape `U/futm/m/n' will be
(Font)              scaled to size 8.27998pt on input line 177.
LaTeX Font Info:    Font shape `U/futm/m/n' will be
(Font)              scaled to size 6.43999pt on input line 177.
 [4

]
Cap\'{\i }tulo 1.
[5

] [6]
LaTeX Font Info:    Trying to load font information for TS1+futs on input line 
229.
 (c:/texlive/2021/texmf-dist/tex/latex/fourier/ts1futs.fd
File: ts1futs.fd 2003/09/14 Fontinst v1.801 font definitions for TS1/futs.
) [7] [8]
Cap\'{\i }tulo 2.
[9

] [10]
<Figures/ArterialTree_Zamir.png, id=471, 884.30376pt x 370.38374pt>
File: Figures/ArterialTree_Zamir.png Graphic file (type png)
<use Figures/ArterialTree_Zamir.png>
Package pdftex.def Info: Figures/ArterialTree_Zamir.png  used on input line 324
.
(pdftex.def)             Requested size: 442.1508pt x 185.1914pt.
 [11 <./Figures/ArterialTree_Zamir.png>] [12]
Overfull \hbox (27.33052pt too wide) in paragraph at lines 383--384
[]\T1/futs/m/n/12 Conforme Duan e Za-mir [[]], para efei-tos de cál-culo da pre
s-são e fluxo, adimensionalizam-
 []

[13] [14]
Overfull \hbox (9.33876pt too wide) in paragraph at lines 445--445
[]\T1/futs/b/n/14.4 INCORPORAÇÃO DA VIS-CO-SI-DADE E VIS-CO-E-LAS-TI-CI-DADE NO
 MO-
 []

[15] [16] [17] [18] [19] [20] [21]
Cap\'{\i }tulo 3.
<Figures/IGU_002.png, id=661, 1882.03125pt x 1020.81375pt>
File: Figures/IGU_002.png Graphic file (type png)
<use Figures/IGU_002.png>
Package pdftex.def Info: Figures/IGU_002.png  used on input line 634.
(pdftex.def)             Requested size: 470.50667pt x 255.2028pt.

Overfull \hbox (15.26259pt too wide) in paragraph at lines 634--635
 [][] 
 []

[22

] [23 <./Figures/IGU_002.png>]
Overfull \hbox (12.22246pt too wide) in paragraph at lines 659--660
[]\T1/futs/m/n/12 Através das ma-lhas es-tru-tu-ra-das e de-ses-tru-tu-ra-das p
re-sen-tes na bi-bli-o-teca \T1/futs/m/it/12 VTK\T1/futs/m/n/12 (\T1/futs/m/it/
12 Visua\T1/futs/m/n/12 -
 []

<Figures/WiseElement@16x.png, id=680, 157.14961pt x 100.375pt>
File: Figures/WiseElement@16x.png Graphic file (type png)
<use Figures/WiseElement@16x.png>
Package pdftex.def Info: Figures/WiseElement@16x.png  used on input line 663.
(pdftex.def)             Requested size: 314.29843pt x 200.74948pt.
[24]
<Figures/WiseElements@16x.png, id=687, 221.0132pt x 93.09781pt>
File: Figures/WiseElements@16x.png Graphic file (type png)
<use Figures/WiseElements@16x.png>
Package pdftex.def Info: Figures/WiseElements@16x.png  used on input line 674.
(pdftex.def)             Requested size: 455.24408pt x 191.77368pt.
 [25 <./Figures/WiseElement@16x.png>] [26 <./Figures/WiseElements@16x.png>]
<Figures/WiseElementPoints@16x.png, id=700, 105.20555pt x 75.03032pt>
File: Figures/WiseElementPoints@16x.png Graphic file (type png)
<use Figures/WiseElementPoints@16x.png>
Package pdftex.def Info: Figures/WiseElementPoints@16x.png  used on input line 
690.
(pdftex.def)             Requested size: 227.62204pt x 162.33781pt.
<Figures/WiseElementLines@16x.png, id=701, 108.5932pt x 79.86086pt>
File: Figures/WiseElementLines@16x.png Graphic file (type png)
<use Figures/WiseElementLines@16x.png>
Package pdftex.def Info: Figures/WiseElementLines@16x.png  used on input line 6
91.
(pdftex.def)             Requested size: 227.62204pt x 167.41783pt.

Overfull \hbox (1.884pt too wide) in paragraph at lines 690--692
[][] [] 
 []

<Figures/WiseElementCells@16x.png, id=702, 104.9546pt x 78.35524pt>
File: Figures/WiseElementCells@16x.png Graphic file (type png)
<use Figures/WiseElementCells@16x.png>
Package pdftex.def Info: Figures/WiseElementCells@16x.png  used on input line 6
93.
(pdftex.def)             Requested size: 227.62204pt x 169.9358pt.
[27 <./Figures/WiseElementPoints@16x.png> <./Figures/WiseElementLines@16x.png> 
<./Figures/WiseElementCells@16x.png>]
<Figures/WiseElementStatus@16x.png, id=712, 253.88602pt x 168.88094pt>
File: Figures/WiseElementStatus@16x.png Graphic file (type png)
<use Figures/WiseElementStatus@16x.png>
Package pdftex.def Info: Figures/WiseElementStatus@16x.png  used on input line 
704.
(pdftex.def)             Requested size: 380.82806pt x 253.32079pt.
 [28 <./Figures/WiseElementStatus@16x.png>]
<Figures/WiseElementWarming@16x.png, id=721, 216.93547pt x 71.8936pt>
File: Figures/WiseElementWarming@16x.png Graphic file (type png)
<use Figures/WiseElementWarming@16x.png>
Package pdftex.def Info: Figures/WiseElementWarming@16x.png  used on input line
 713.
(pdftex.def)             Requested size: 401.33092pt x 133.00325pt.
 [29 <./Figures/WiseElementWarming@16x.png>]
<Figures/WiseElementCold@16x.png, id=730, 221.51508pt x 92.65868pt>
File: Figures/WiseElementCold@16x.png Graphic file (type png)
<use Figures/WiseElementCold@16x.png>
Package pdftex.def Info: Figures/WiseElementCold@16x.png  used on input line 72
6.
(pdftex.def)             Requested size: 409.80322pt x 171.41866pt.
<Figures/WiseElementHot@16x.png, id=731, 218.06468pt x 133.81242pt>
File: Figures/WiseElementHot@16x.png Graphic file (type png)
<use Figures/WiseElementHot@16x.png>
Package pdftex.def Info: Figures/WiseElementHot@16x.png  used on input line 737
.
(pdftex.def)             Requested size: 403.42pt x 247.55315pt.
 [30 <./Figures/WiseElementCold@16x.png>]
<Figures/WiseElementWorkflow@16x.png, id=739, 182.6825pt x 192.21812pt>
File: Figures/WiseElementWorkflow@16x.png Graphic file (type png)
<use Figures/WiseElementWorkflow@16x.png>
Package pdftex.def Info: Figures/WiseElementWorkflow@16x.png  used on input lin
e 753.
(pdftex.def)             Requested size: 455.24408pt x 479.07172pt.
 [31 <./Figures/WiseElementHot@16x.png>] [32 <./Figures/WiseElementWorkflow@16x
.png>]

LaTeX Warning: Reference `sec:fabricas' on page 33 undefined on input line 770.


[33]
<Figures/WiseObject@16x.png, id=758, 380.48398pt x 247.23618pt>
File: Figures/WiseObject@16x.png Graphic file (type png)
<use Figures/WiseObject@16x.png>
Package pdftex.def Info: Figures/WiseObject@16x.png  used on input line 778.
(pdftex.def)             Requested size: 437.55318pt x 284.31938pt.
 [34 <./Figures/WiseObject@16x.png>]
<Figures/WiseObjectStatus@16x.png, id=768, 191.65352pt x 126.78618pt>
File: Figures/WiseObjectStatus@16x.png Graphic file (type png)
<use Figures/WiseObjectStatus@16x.png>
Package pdftex.def Info: Figures/WiseObjectStatus@16x.png  used on input line 7
89.
(pdftex.def)             Requested size: 383.30606pt x 253.57172pt.
 [35 <./Figures/WiseObjectStatus@16x.png>] [36]
<Figures/GraphicModel@16x.png, id=780, 225.34187pt x 107.90312pt>
File: Figures/GraphicModel@16x.png Graphic file (type png)
<use Figures/GraphicModel@16x.png>
Package pdftex.def Info: Figures/GraphicModel@16x.png  used on input line 812.
(pdftex.def)             Requested size: 450.68262pt x 215.8057pt.
<Figures/GraphicObjects@16x.png, id=782, 223.08344pt x 89.71016pt>
File: Figures/GraphicObjects@16x.png Graphic file (type png)
<use Figures/GraphicObjects@16x.png>
Package pdftex.def Info: Figures/GraphicObjects@16x.png  used on input line 821
.
(pdftex.def)             Requested size: 446.16577pt x 179.41986pt.
 [37 <./Figures/GraphicModel@16x.png>]
<Figures/GraphicElements@16x.png, id=790, 172.2686pt x 92.345pt>
File: Figures/GraphicElements@16x.png Graphic file (type png)
<use Figures/GraphicElements@16x.png>
Package pdftex.def Info: Figures/GraphicElements@16x.png  used on input line 83
2.
(pdftex.def)             Requested size: 344.53635pt x 184.68951pt.
 [38 <./Figures/GraphicObjects@16x.png>]
<Figures/WiseProject@16x.png, id=797, 185.25461pt x 86.63617pt>
File: Figures/WiseProject@16x.png Graphic file (type png)
<use Figures/WiseProject@16x.png>
Package pdftex.def Info: Figures/WiseProject@16x.png  used on input line 850.
(pdftex.def)             Requested size: 370.50827pt x 173.27191pt.
 [39 <./Figures/GraphicElements@16x.png> <./Figures/WiseProject@16x.png>]
<Figures/WiseProjectFactory@16x.png, id=807, 240.02171pt x 158.9689pt>
File: Figures/WiseProjectFactory@16x.png Graphic file (type png)
<use Figures/WiseProjectFactory@16x.png>
Package pdftex.def Info: Figures/WiseProjectFactory@16x.png  used on input line
 866.
(pdftex.def)             Requested size: 360.03168pt x 238.45276pt.
<Figures/WiseElementFactories@16x.png, id=809, 256.58359pt x 222.51883pt>
File: Figures/WiseElementFactories@16x.png Graphic file (type png)
<use Figures/WiseElementFactories@16x.png>
Package pdftex.def Info: Figures/WiseElementFactories@16x.png  used on input li
ne 875.
(pdftex.def)             Requested size: 227.62204pt x 197.40279pt.
<Figures/WiseObjectFactories@16x.png, id=810, 256.70906pt x 221.82875pt>
File: Figures/WiseObjectFactories@16x.png Graphic file (type png)
<use Figures/WiseObjectFactories@16x.png>
Package pdftex.def Info: Figures/WiseObjectFactories@16x.png  used on input lin
e 875.
(pdftex.def)             Requested size: 227.62204pt x 196.69582pt.
<Figures/GraphicObjectFactories@16x.png, id=811, 256.96pt x 222.51883pt>
File: Figures/GraphicObjectFactories@16x.png Graphic file (type png)
<use Figures/GraphicObjectFactories@16x.png>
Package pdftex.def Info: Figures/GraphicObjectFactories@16x.png  used on input 
line 877.
(pdftex.def)             Requested size: 227.62204pt x 197.11757pt.
<Figures/GraphicElementFactories@16x.png, id=812, 263.48438pt x 262.29242pt>
File: Figures/GraphicElementFactories@16x.png Graphic file (type png)
<use Figures/GraphicElementFactories@16x.png>
Package pdftex.def Info: Figures/GraphicElementFactories@16x.png  used on input
 line 877.
(pdftex.def)             Requested size: 227.62204pt x 226.60367pt.
<Figures/WiseIterationFactories@16x.png, id=813, 268.37766pt x 218.69203pt>
File: Figures/WiseIterationFactories@16x.png Graphic file (type png)
<use Figures/WiseIterationFactories@16x.png>
Package pdftex.def Info: Figures/WiseIterationFactories@16x.png  used on input 
line 879.
(pdftex.def)             Requested size: 227.62204pt x 185.48198pt.

Overfull \hbox (24.00003pt too wide) in paragraph at lines 874--882
[][] 
 []

[40] [41 <./Figures/WiseProjectFactory@16x.png>] [42 <./Figures/WiseElementFact
ories@16x.png> <./Figures/WiseObjectFactories@16x.png> <./Figures/GraphicObject
Factories@16x.png> <./Figures/GraphicElementFactories@16x.png> <./Figures/WiseI
terationFactories@16x.png>]
<Figures/WiseThreadPool@16x.png, id=838, 290.02101pt x 130.2993pt>
File: Figures/WiseThreadPool@16x.png Graphic file (type png)
<use Figures/WiseThreadPool@16x.png>
Package pdftex.def Info: Figures/WiseThreadPool@16x.png  used on input line 900
.
(pdftex.def)             Requested size: 455.24408pt x 204.54248pt.
 [43 <./Figures/WiseThreadPool@16x.png>]
<Figures/WiseThreaPoolCMD.png, id=846, 342.78062pt x 167.12437pt>
File: Figures/WiseThreaPoolCMD.png Graphic file (type png)
<use Figures/WiseThreaPoolCMD.png>
Package pdftex.def Info: Figures/WiseThreaPoolCMD.png  used on input line 915.
(pdftex.def)             Requested size: 455.24408pt x 221.97423pt.
<Figures/WiseThreadPoolHeating@16x.png, id=847, 339.89484pt x 131.17758pt>
File: Figures/WiseThreadPoolHeating@16x.png Graphic file (type png)
<use Figures/WiseThreadPoolHeating@16x.png>
Package pdftex.def Info: Figures/WiseThreadPoolHeating@16x.png  used on input l
ine 924.
(pdftex.def)             Requested size: 455.24408pt x 175.70296pt.
 [44]
[45 <./Figures/WiseThreaPoolCMD.png> <./Figures/WiseThreadPoolHeating@16x.png>]

Overfull \hbox (1.58334pt too wide) in paragraph at lines 942--943
\T1/futs/m/n/12 tra-ba-lhos de cada carga de tra-ba-lho são se-le-ci-o-na-dos e
 en-vi-a-dos caso não haja pré-requisitos.
 []

[46]
<Figures/WiseJobStatus@16x.png, id=865, 191.65352pt x 113.11008pt>
File: Figures/WiseJobStatus@16x.png Graphic file (type png)
<use Figures/WiseJobStatus@16x.png>
Package pdftex.def Info: Figures/WiseJobStatus@16x.png  used on input line 970.

(pdftex.def)             Requested size: 455.24408pt x 268.71516pt.
 [47]
File: Figures/IGU_002.png Graphic file (type png)
<use Figures/IGU_002.png>
Package pdftex.def Info: Figures/IGU_002.png  used on input line 986.
(pdftex.def)             Requested size: 455.24408pt x 246.9162pt.
 [48 <./Figures/WiseJobStatus@16x.png>]
<Figures/InGU.png, id=879, 296.3572pt x 172.89594pt>
File: Figures/InGU.png Graphic file (type png)
<use Figures/InGU.png>
Package pdftex.def Info: Figures/InGU.png  used on input line 1000.
(pdftex.def)             Requested size: 455.24408pt x 265.60101pt.
 [49]
<Figures/InGU_console.png, id=885, 741.77126pt x 440.64626pt>
File: Figures/InGU_console.png Graphic file (type png)
<use Figures/InGU_console.png>
Package pdftex.def Info: Figures/InGU_console.png  used on input line 1009.
(pdftex.def)             Requested size: 333.79398pt x 198.28897pt.
 [50 <./Figures/InGU.png> <./Figures/InGU_console.png>]
<Figures/InGU_help.png, id=895, 839.135pt x 1015.795pt>
File: Figures/InGU_help.png Graphic file (type png)
<use Figures/InGU_help.png>
Package pdftex.def Info: Figures/InGU_help.png  used on input line 1044.
(pdftex.def)             Requested size: 377.60725pt x 457.10353pt.
 [51] [52 <./Figures/InGU_help.png>] [53]
Overfull \hbox (23.16899pt too wide) in paragraph at lines 1129--1140
[][] 
 []


Overfull \hbox (4.06499pt too wide) in paragraph at lines 1152--1165
[][] 
 []

[54]
Overfull \hbox (39.98096pt too wide) in paragraph at lines 1200--1211
[][] 
 []

[55] [56]
Overfull \hbox (20.133pt too wide) in paragraph at lines 1292--1303
[][] 
 []


Overfull \hbox (15.16501pt too wide) in paragraph at lines 1315--1326
[][] 
 []


LaTeX Warning: Reference `sec:fabricas' on page 57 undefined on input line 1334
.

[57]
Overfull \hbox (13.67699pt too wide) in paragraph at lines 1338--1353
[][] 
 []


Overfull \hbox (45.56097pt too wide) in paragraph at lines 1365--1378
[][] 
 []

[58]
Overfull \hbox (45.56097pt too wide) in paragraph at lines 1413--1424
[][] 
 []


Overfull \hbox (45.56097pt too wide) in paragraph at lines 1436--1447
[][] 
 []

[59]
Overfull \hbox (45.56097pt too wide) in paragraph at lines 1459--1472
[][] 
 []


Overfull \hbox (19.77298pt too wide) in paragraph at lines 1484--1500
[][] 
 []

[60]
Overfull \hbox (45.56097pt too wide) in paragraph at lines 1512--1523
[][] 
 []


Overfull \hbox (2.47531pt too wide) in paragraph at lines 1531--1532
\T1/futs/m/n/12 mento pos-sui im-ple-men-tada a ex-por-ta-ção dos grá-fi-cos em
 ar-qui-vos de ima-gem. Desta forma,
 []


Overfull \hbox (45.56097pt too wide) in paragraph at lines 1535--1548
[][] 
 []

[61]
Overfull \hbox (45.56097pt too wide) in paragraph at lines 1560--1576
[][] 
 []


Overfull \hbox (45.56097pt too wide) in paragraph at lines 1588--1605
[][] 
 []

[62]
Overfull \hbox (45.56097pt too wide) in paragraph at lines 1617--1633
[][] 
 []

[63]
Overfull \hbox (6.22499pt too wide) in paragraph at lines 1670--1681
[][] 
 []


Overfull \hbox (45.56097pt too wide) in paragraph at lines 1695--1711
[][] 
 []

[64]
Overfull \hbox (35.64897pt too wide) in paragraph at lines 1723--1736
[][] 
 []

[65]
Overfull \hbox (35.64897pt too wide) in paragraph at lines 1773--1784
[][] 
 []


Overfull \hbox (35.64897pt too wide) in paragraph at lines 1796--1807
[][] 
 []


Overfull \hbox (35.64897pt too wide) in paragraph at lines 1819--1831
[][] 
 []

[66]
Overfull \hbox (15.16501pt too wide) in paragraph at lines 1844--1855
[][] 
 []


Overfull \hbox (35.64897pt too wide) in paragraph at lines 1867--1881
[][] 
 []

[67]
Overfull \hbox (35.64897pt too wide) in paragraph at lines 1893--1909
[][] 
 []


Overfull \hbox (35.64897pt too wide) in paragraph at lines 1921--1932
[][] 
 []

[68]
Overfull \hbox (35.64897pt too wide) in paragraph at lines 1944--1955
[][] 
 []


Overfull \hbox (35.64897pt too wide) in paragraph at lines 1967--1978
[][] 
 []

[69]
Overfull \hbox (39.65695pt too wide) in paragraph at lines 1990--2002
[][] 
 []


Overfull \hbox (35.64897pt too wide) in paragraph at lines 2014--2025
[][] 
 []

[70]
Overfull \hbox (39.65695pt too wide) in paragraph at lines 2037--2049
[][] 
 []

[71]
Overfull \hbox (42.42894pt too wide) in paragraph at lines 2107--2120
[][] 
 []


Overfull \hbox (38.79297pt too wide) in paragraph at lines 2132--2143
[][] 
 []

[72]
<Figures/CasoDeUso@16x.png, id=1048, 378.28828pt x 427.4093pt>
File: Figures/CasoDeUso@16x.png Graphic file (type png)
<use Figures/CasoDeUso@16x.png>
Package pdftex.def Info: Figures/CasoDeUso@16x.png  used on input line 2155.
(pdftex.def)             Requested size: 455.24408pt x 514.3625pt.
 [73 <./Figures/CasoDeUso@16x.png>]
<Figures/CasoDeUso2@16x.png, id=1059, 378.22554pt x 426.1546pt>
File: Figures/CasoDeUso2@16x.png Graphic file (type png)
<use Figures/CasoDeUso2@16x.png>
Package pdftex.def Info: Figures/CasoDeUso2@16x.png  used on input line 2174.
(pdftex.def)             Requested size: 455.24408pt x 512.93709pt.
 [74] [75 <./Figures/CasoDeUso2@16x.png>]
<Figures/IGU_001a.png, id=1072, 1927.2pt x 1084.05pt>
File: Figures/IGU_001a.png Graphic file (type png)
<use Figures/IGU_001a.png>
Package pdftex.def Info: Figures/IGU_001a.png  used on input line 2190.
(pdftex.def)             Requested size: 455.24408pt x 256.07509pt.
 [76 <./Figures/IGU_001a.png>]
<Figures/IGU_016.png, id=1081, 173.14688pt x 60.97781pt>
File: Figures/IGU_016.png Graphic file (type png)
<use Figures/IGU_016.png>
Package pdftex.def Info: Figures/IGU_016.png  used on input line 2206.
(pdftex.def)             Requested size: 173.14645pt x 60.97765pt.
<Figures/IGU_001a_34.png, id=1082, 4795.41562pt x 2898.32813pt>
File: Figures/IGU_001a_34.png Graphic file (type png)
<use Figures/IGU_001a_34.png>
Package pdftex.def Info: Figures/IGU_001a_34.png  used on input line 2227.
(pdftex.def)             Requested size: 455.24408pt x 275.12291pt.
 [77 <./Figures/IGU_016.png>]
<Figures/IGU_017.png, id=1089, 1882.03125pt x 1018.80624pt>
File: Figures/IGU_017.png Graphic file (type png)
<use Figures/IGU_017.png>
Package pdftex.def Info: Figures/IGU_017.png  used on input line 2239.
(pdftex.def)             Requested size: 409.71689pt x 221.79066pt.
<Figures/IGU_001.png, id=1090, 1886.04625pt x 1020.81375pt>
File: Figures/IGU_001.png Graphic file (type png)
<use Figures/IGU_001.png>
Package pdftex.def Info: Figures/IGU_001.png  used on input line 2246.
(pdftex.def)             Requested size: 409.71689pt x 221.74483pt.
 [78 <./Figures/IGU_001a_34.png>] [79 <./Figures/IGU_017.png> <./Figures/IGU_00
1.png>]
<Figures/IGU_001c.png, id=1105, 256.20718pt x 420.82219pt>
File: Figures/IGU_001c.png Graphic file (type png)
<use Figures/IGU_001c.png>
Package pdftex.def Info: Figures/IGU_001c.png  used on input line 2266.
(pdftex.def)             Requested size: 182.09485pt x 299.09406pt.
 [80 <./Figures/IGU_001c.png>] [81]
<Figures/IGU_025.png, id=1119, 1882.03125pt x 1018.80624pt>
File: Figures/IGU_025.png Graphic file (type png)
<use Figures/IGU_025.png>
Package pdftex.def Info: Figures/IGU_025.png  used on input line 2297.
(pdftex.def)             Requested size: 455.24408pt x 246.43062pt.
<Figures/IGU_023.png, id=1120, 1668.2325pt x 965.6075pt>
File: Figures/IGU_023.png Graphic file (type png)
<use Figures/IGU_023.png>
Package pdftex.def Info: Figures/IGU_023.png  used on input line 2311.
(pdftex.def)             Requested size: 455.24408pt x 263.50223pt.
 [82 <./Figures/IGU_025.png>]
<Figures/IGU_022.png, id=1129, 1669.23625pt x 962.59625pt>
File: Figures/IGU_022.png Graphic file (type png)
<use Figures/IGU_022.png>
Package pdftex.def Info: Figures/IGU_022.png  used on input line 2332.
(pdftex.def)             Requested size: 455.24408pt x 262.51892pt.
 [83 <./Figures/IGU_023.png>] [84 <./Figures/IGU_022.png>]
Cap\'{\i }tulo 4.
<Figures/tree_canine.png, id=1149, 297.36093pt x 155.07938pt>
File: Figures/tree_canine.png Graphic file (type png)
<use Figures/tree_canine.png>
Package pdftex.def Info: Figures/tree_canine.png  used on input line 2354.
(pdftex.def)             Requested size: 237.88905pt x 124.06364pt.

Overfull \hbox (9.27548pt too wide) in paragraph at lines 2362--2380
 [][] 
 []

[85

 <./Figures/tree_canine.png>]
<figure3-result-new/fig3_P_f3_65_visc_new2.png, id=1172, 483.2454pt x 384.4764p
t>
File: figure3-result-new/fig3_P_f3_65_visc_new2.png Graphic file (type png)
<use figure3-result-new/fig3_P_f3_65_visc_new2.png>
Package pdftex.def Info: figure3-result-new/fig3_P_f3_65_visc_new2.png  used on
 input line 2391.
(pdftex.def)             Requested size: 338.26947pt x 269.13164pt.
<figure3-result-new/fig3_P_f7_30_visc_new2.png, id=1173, 483.2454pt x 384.4764p
t>
File: figure3-result-new/fig3_P_f7_30_visc_new2.png Graphic file (type png)
<use figure3-result-new/fig3_P_f7_30_visc_new2.png>
Package pdftex.def Info: figure3-result-new/fig3_P_f7_30_visc_new2.png  used on
 input line 2393.
(pdftex.def)             Requested size: 338.26947pt x 269.13164pt.
<figure3-result-new/fig3_P_f10_95_visc_new2.png, id=1174, 483.2454pt x 386.8854
pt>
File: figure3-result-new/fig3_P_f10_95_visc_new2.png Graphic file (type png)
<use figure3-result-new/fig3_P_f10_95_visc_new2.png>
Package pdftex.def Info: figure3-result-new/fig3_P_f10_95_visc_new2.png  used o
n input line 2401.
(pdftex.def)             Requested size: 338.26947pt x 270.81793pt.
<figure3-result-new/fig3_P_f14_60_visc_new2.png, id=1175, 482.7636pt x 385.9218
pt>
File: figure3-result-new/fig3_P_f14_60_visc_new2.png Graphic file (type png)
<use figure3-result-new/fig3_P_f14_60_visc_new2.png>
Package pdftex.def Info: figure3-result-new/fig3_P_f14_60_visc_new2.png  used o
n input line 2403.
(pdftex.def)             Requested size: 337.9322pt x 270.14342pt.
 [86] [87 <./figure3-result-new/fig3_P_f3_65_visc_new2.png> <./figure3-result-n
ew/fig3_P_f7_30_visc_new2.png>] [88 <./figure3-result-new/fig3_P_f10_95_visc_ne
w2.png> <./figure3-result-new/fig3_P_f14_60_visc_new2.png>]
<figure4-result-new/Fig4_P_f3_65_visco_new2.png, id=1201, 485.6544pt x 387.3672
pt>
File: figure4-result-new/Fig4_P_f3_65_visco_new2.png Graphic file (type png)
<use figure4-result-new/Fig4_P_f3_65_visco_new2.png>
Package pdftex.def Info: figure4-result-new/Fig4_P_f3_65_visco_new2.png  used o
n input line 2413.
(pdftex.def)             Requested size: 339.95576pt x 271.1552pt.
<figure4-result-new/Fig4_P_f7_30_visco_new2.png, id=1202, 484.209pt x 384.4764p
t>
File: figure4-result-new/Fig4_P_f7_30_visco_new2.png Graphic file (type png)
<use figure4-result-new/Fig4_P_f7_30_visco_new2.png>
Package pdftex.def Info: figure4-result-new/Fig4_P_f7_30_visco_new2.png  used o
n input line 2415.
(pdftex.def)             Requested size: 338.94398pt x 269.13164pt.
<figure4-result-new/fig4_P_f10_95_visco_new2.png, id=1203, 486.618pt x 384.4764
pt>
File: figure4-result-new/fig4_P_f10_95_visco_new2.png Graphic file (type png)
<use figure4-result-new/fig4_P_f10_95_visco_new2.png>
Package pdftex.def Info: figure4-result-new/fig4_P_f10_95_visco_new2.png  used 
on input line 2423.
(pdftex.def)             Requested size: 340.63026pt x 269.13164pt.
<figure4-result-new/fig4_P_f14_60_visco_new2.png, id=1204, 485.6544pt x 386.403
6pt>
File: figure4-result-new/fig4_P_f14_60_visco_new2.png Graphic file (type png)
<use figure4-result-new/fig4_P_f14_60_visco_new2.png>
Package pdftex.def Info: figure4-result-new/fig4_P_f14_60_visco_new2.png  used 
on input line 2425.
(pdftex.def)             Requested size: 339.95576pt x 270.48067pt.


Package natbib Warning: Citation `Nichols2011' on page 89 undefined on input li
ne 2430.

<figure-result-impedance/fig_viscosity_impedance_new.png, id=1209, 480.8364pt x
 383.031pt>
File: figure-result-impedance/fig_viscosity_impedance_new.png Graphic file (typ
e png)
<use figure-result-impedance/fig_viscosity_impedance_new.png>
Package pdftex.def Info: figure-result-impedance/fig_viscosity_impedance_new.pn
g  used on input line 2437.
(pdftex.def)             Requested size: 336.58318pt x 268.11986pt.
<figure-result-impedance/fig_viscoelasticity_impedance_new.png, id=1210, 481.31
82pt x 384.9582pt>
File: figure-result-impedance/fig_viscoelasticity_impedance_new.png Graphic fil
e (type png)
<use figure-result-impedance/fig_viscoelasticity_impedance_new.png>
Package pdftex.def Info: figure-result-impedance/fig_viscoelasticity_impedance_
new.png  used on input line 2439.
(pdftex.def)             Requested size: 336.92044pt x 269.4689pt.
<figure5-result-new/Fig5_P_visc1_phi8_new2.png, id=1213, 484.6908pt x 385.44pt>

File: figure5-result-new/Fig5_P_visc1_phi8_new2.png Graphic file (type png)
<use figure5-result-new/Fig5_P_visc1_phi8_new2.png>
Package pdftex.def Info: figure5-result-new/Fig5_P_visc1_phi8_new2.png  used on
 input line 2449.
(pdftex.def)             Requested size: 339.28123pt x 269.80615pt.
<figure-result-impedance/fig_viscosidade1_viscoelasticity8_impedance_new.png, i
d=1214, 483.2454pt x 385.9218pt>
File: figure-result-impedance/fig_viscosidade1_viscoelasticity8_impedance_new.p
ng Graphic file (type png)
<use figure-result-impedance/fig_viscosidade1_viscoelasticity8_impedance_new.pn
g>
Package pdftex.def Info: figure-result-impedance/fig_viscosidade1_viscoelastici
ty8_impedance_new.png  used on input line 2456.
(pdftex.def)             Requested size: 338.26947pt x 270.14342pt.
[89] [90 <./figure4-result-new/fig4_P_f3_65_visco_new2.png> <./figure4-result-n
ew/fig4_P_f7_30_visco_new2.png>] [91 <./figure4-result-new/fig4_P_f10_95_visco_
new2.png> <./figure4-result-new/fig4_P_f14_60_visco_new2.png>] [92 <./figure-re
sult-impedance/fig_viscosity_impedance_new.png> <./figure-result-impedance/fig_
viscoelasticity_impedance_new.png>] [93 <./figure5-result-new/Fig5_P_visc1_phi8
_new2.png> <./figure-result-impedance/fig_viscosidade1_viscoelasticity8_impedan
ce_new.png>]
Cap\'{\i }tulo 5.

LaTeX Warning: Reference `sec:modelagem' on page 94 undefined on input line 247
0.

[94

] [95]
Ap\^endice A.
[96

]
Ap\^endice B.
[97

] [98]
Ap\^endice C.
[99

]
Ap\^endice D.
(./modelo_new.bbl [100

] [101

]
Underfull \hbox (badness 1253) in paragraph at lines 112--116
[]\T1/futs/m/n/12 R. Quei-roz.  |   []   |   []   |   []   |   []   |   []   | 
  []   |   []   |   []   |   []
 []

)

Package natbib Warning: There were undefined citations.

[102] (./modelo_new.aux (./pretexto.aux))

LaTeX Warning: There were undefined references.

Package rerunfilecheck Info: File `modelo_new.out' has not changed.
(rerunfilecheck)             Checksum: 8FC8778E7DFFFC5BA0A14100A78837EF;13914.
 ) 
Here is how much of TeX's memory you used:
 27855 strings out of 478994
 483517 string characters out of 5862207
 807996 words of memory out of 5000000
 44256 multiletter control sequences out of 15000+600000
 513017 words of font info for 122 fonts, out of 8000000 for 9000
 1146 hyphenation exceptions out of 8191
 128i,18n,131p,1303b,607s stack positions out of 5000i,500n,10000p,200000b,80000s
{c:/texlive/2021/texmf-dist/fonts/enc/dvips/base/8r.enc}<c:/texlive/2021/texm
f-dist/fonts/type1/public/fourier/fourier-mcl.pfb><c:/texlive/2021/texmf-dist/f
onts/type1/public/fourier/fourier-mex.pfb><c:/texlive/2021/texmf-dist/fonts/typ
e1/public/fourier/fourier-mlit.pfb><c:/texlive/2021/texmf-dist/fonts/type1/publ
ic/fourier/fourier-ms.pfb><c:/texlive/2021/texmf-dist/fonts/type1/adobe/utopia/
putb8a.pfb><c:/texlive/2021/texmf-dist/fonts/type1/adobe/utopia/putr8a.pfb><c:/
texlive/2021/texmf-dist/fonts/type1/adobe/utopia/putri8a.pfb>
Output written on modelo_new.pdf (105 pages, 8891073 bytes).
PDF statistics:
 1470 PDF objects out of 1728 (max. 8388607)
 1231 compressed objects within 13 object streams
 455 named destinations out of 1000 (max. 500000)
 952 words of extra memory for PDF output out of 10000 (max. 10000000)

