\BOOKMARK [0][-]{chapter.1}{INTRODU\307\303O}{}% 1
\BOOKMARK [1][-]{section.1.1}{OBJETIVOS}{chapter.1}% 2
\BOOKMARK [1][-]{section.1.2}{ORGANIZA\307\303O}{chapter.1}% 3
\BOOKMARK [0][-]{chapter.2}{MODELAGEM DO ESCOAMENTO SANGU\315NEO}{}% 4
\BOOKMARK [1][-]{section.2.1}{MODELO MATEM\301TICO}{chapter.2}% 5
\BOOKMARK [2][-]{subsection.2.1.1}{C\301LCULO DA PRESS\303O E DO FLUXO SANGU\315NEO}{section.2.1}% 6
\BOOKMARK [2][-]{subsection.2.1.2}{C\301LCULO DO COEFICIENTES DE REFLEX\303O E ADMIT\302NCIA}{section.2.1}% 7
\BOOKMARK [2][-]{subsection.2.1.3}{C\301LCULO DA IMPED\302NCIA DE ENTRADA}{section.2.1}% 8
\BOOKMARK [2][-]{subsection.2.1.4}{INCORPORA\307\303O DA VISCOSIDADE E VISCOELASTICIDADE NO MODELO}{section.2.1}% 9
\BOOKMARK [0][-]{chapter.3}{FERRAMENTA COMPUTACIONAL}{}% 10
\BOOKMARK [1][-]{section.3.1}{MODELAGEM COMPUTACIONAL}{chapter.3}% 11
\BOOKMARK [1][-]{section.3.2}{ESTRUTURA DE DADOS}{chapter.3}% 12
\BOOKMARK [2][-]{subsection.3.2.1}{ELEMENTO INTELIGENTE}{section.3.2}% 13
\BOOKMARK [2][-]{subsection.3.2.2}{F\301BRICA}{section.3.2}% 14
\BOOKMARK [2][-]{subsection.3.2.3}{OBJETO INTELIGENTE}{section.3.2}% 15
\BOOKMARK [2][-]{subsection.3.2.4}{OBJETO GR\301FICO}{section.3.2}% 16
\BOOKMARK [2][-]{subsection.3.2.5}{PROJETO INTELIGENTE}{section.3.2}% 17
\BOOKMARK [2][-]{subsection.3.2.6}{F\301BRICA DE PROJETO}{section.3.2}% 18
\BOOKMARK [2][-]{subsection.3.2.7}{THREADS INTELIGENTES}{section.3.2}% 19
\BOOKMARK [2][-]{subsection.3.2.8}{TRABALHOS INTELIGENTES}{section.3.2}% 20
\BOOKMARK [0][-]{chapter.4}{USABILIDADE DA FERRAMENTA COMPUTACIONAL}{}% 21
\BOOKMARK [1][-]{section.4.1}{CONSOLE}{chapter.4}% 22
\BOOKMARK [2][-]{subsection.4.1.1}{AJUDA}{section.4.1}% 23
\BOOKMARK [2][-]{subsection.4.1.2}{LER ARQUIVO DE ENTRADA}{section.4.1}% 24
\BOOKMARK [2][-]{subsection.4.1.3}{BATERIA DE TESTES}{section.4.1}% 25
\BOOKMARK [2][-]{subsection.4.1.4}{LISTA DE TESTES}{section.4.1}% 26
\BOOKMARK [2][-]{subsection.4.1.5}{CASO DE TESTE}{section.4.1}% 27
\BOOKMARK [2][-]{subsection.4.1.6}{TESTAR EQUIDADE DE ARQUIVOS}{section.4.1}% 28
\BOOKMARK [2][-]{subsection.4.1.7}{CRIAR PROJETO}{section.4.1}% 29
\BOOKMARK [2][-]{subsection.4.1.8}{USAR PROJETO}{section.4.1}% 30
\BOOKMARK [2][-]{subsection.4.1.9}{LISTAR PROJETOS}{section.4.1}% 31
\BOOKMARK [2][-]{subsection.4.1.10}{IMPRIMIR PROJETO}{section.4.1}% 32
\BOOKMARK [2][-]{subsection.4.1.11}{EXCLUIR PROJETO}{section.4.1}% 33
\BOOKMARK [2][-]{subsection.4.1.12}{SALVAR PROJETO}{section.4.1}% 34
\BOOKMARK [2][-]{subsection.4.1.13}{CARREGAR PROJETO}{section.4.1}% 35
\BOOKMARK [2][-]{subsection.4.1.14}{CRIAR ELEMENTO}{section.4.1}% 36
\BOOKMARK [2][-]{subsection.4.1.15}{CLONAR ELEMENTO}{section.4.1}% 37
\BOOKMARK [2][-]{subsection.4.1.16}{LISTAR ELEMENTOS}{section.4.1}% 38
\BOOKMARK [2][-]{subsection.4.1.17}{IMPRIMIR ELEMENTO}{section.4.1}% 39
\BOOKMARK [2][-]{subsection.4.1.18}{EXCLUIR ELEMENTO}{section.4.1}% 40
\BOOKMARK [2][-]{subsection.4.1.19}{SALVAR ELEMENTO}{section.4.1}% 41
\BOOKMARK [2][-]{subsection.4.1.20}{CARREGAR ELEMENTO}{section.4.1}% 42
\BOOKMARK [2][-]{subsection.4.1.21}{LISTAR EXPORTA\307\325ES DO ELEMENTO}{section.4.1}% 43
\BOOKMARK [2][-]{subsection.4.1.22}{EXPORTAR ELEMENTO}{section.4.1}% 44
\BOOKMARK [2][-]{subsection.4.1.23}{ESCALAR ELEMENTO}{section.4.1}% 45
\BOOKMARK [2][-]{subsection.4.1.24}{DEFINIR PAR\302METRO DE ELEMENTO}{section.4.1}% 46
\BOOKMARK [2][-]{subsection.4.1.25}{DEFINIR TODOS OS PAR\302METROS DE ELEMENTO}{section.4.1}% 47
\BOOKMARK [2][-]{subsection.4.1.26}{LISTAR F\301BRICAS DE ELEMENTO}{section.4.1}% 48
\BOOKMARK [2][-]{subsection.4.1.27}{LISTAR EXEMPLOS DISPON\315VEIS DE ELEMENTO}{section.4.1}% 49
\BOOKMARK [2][-]{subsection.4.1.28}{CRIAR OBJETO}{section.4.1}% 50
\BOOKMARK [2][-]{subsection.4.1.29}{CLONAR OBJETO}{section.4.1}% 51
\BOOKMARK [2][-]{subsection.4.1.30}{LISTAR OBJETOS}{section.4.1}% 52
\BOOKMARK [2][-]{subsection.4.1.31}{IMPRIMIR OBJETO}{section.4.1}% 53
\BOOKMARK [2][-]{subsection.4.1.32}{EXCLUIR OBJETO}{section.4.1}% 54
\BOOKMARK [2][-]{subsection.4.1.33}{SALVAR OBJETO}{section.4.1}% 55
\BOOKMARK [2][-]{subsection.4.1.34}{CARREGAR OBJETO}{section.4.1}% 56
\BOOKMARK [2][-]{subsection.4.1.35}{EXPORTAR OBJETO}{section.4.1}% 57
\BOOKMARK [2][-]{subsection.4.1.36}{DEFINIR PAR\302METROS DE OBJETO}{section.4.1}% 58
\BOOKMARK [2][-]{subsection.4.1.37}{DEFINIR OBJETO}{section.4.1}% 59
\BOOKMARK [2][-]{subsection.4.1.38}{ITERAR OBJETO}{section.4.1}% 60
\BOOKMARK [2][-]{subsection.4.1.39}{LISTAR F\301BRICAS DE ITERA\307\303O DE OBJETO}{section.4.1}% 61
\BOOKMARK [2][-]{subsection.4.1.40}{DEFINIR F\301BRICA DE ITERA\307\303O DE OBJETO}{section.4.1}% 62
\BOOKMARK [2][-]{subsection.4.1.41}{LISTAR F\301BRICAS GR\301FICAS DE OBJETO}{section.4.1}% 63
\BOOKMARK [2][-]{subsection.4.1.42}{DEFINIR F\301BRICA GR\301FICA DE OBJETO}{section.4.1}% 64
\BOOKMARK [2][-]{subsection.4.1.43}{LISTAR OBJETOS GR\301FICOS}{section.4.1}% 65
\BOOKMARK [2][-]{subsection.4.1.44}{LISTAR CANVAS}{section.4.1}% 66
\BOOKMARK [2][-]{subsection.4.1.45}{LINK GR\301FICO}{section.4.1}% 67
\BOOKMARK [2][-]{subsection.4.1.46}{TERMINAR LINK GR\301FICO}{section.4.1}% 68
\BOOKMARK [1][-]{section.4.2}{CASO DE USO}{chapter.4}% 69
\BOOKMARK [1][-]{section.4.3}{JANELA PRINCIPAL}{chapter.4}% 70
\BOOKMARK [2][-]{subsection.4.3.1}{MENU}{section.4.3}% 71
\BOOKMARK [2][-]{subsection.4.3.2}{ABAS E \301REA DE TRABALHO}{section.4.3}% 72
\BOOKMARK [1][-]{section.4.4}{\301RVORE DE PROJETOS}{chapter.4}% 73
\BOOKMARK [1][-]{section.4.5}{JANELAS}{chapter.4}% 74
\BOOKMARK [2][-]{subsection.4.5.1}{JANELA CANVAS}{section.4.5}% 75
\BOOKMARK [2][-]{subsection.4.5.2}{JANELA JOBS}{section.4.5}% 76
\BOOKMARK [0][-]{chapter.5}{RESULTADOS NUM\311RICOS}{}% 77
\BOOKMARK [1][-]{section.5.1}{ESCOAMENTO VISCOSO}{chapter.5}% 78
\BOOKMARK [1][-]{section.5.2}{SEGMENTO VISCOEL\301STICO}{chapter.5}% 79
\BOOKMARK [1][-]{section.5.3}{ESCOAMENTO VISCOSO EM SEGMENTO VISCOEL\301STICO}{chapter.5}% 80
\BOOKMARK [0][-]{chapter.6}{RESULTADOS COMPUTACIONAIS}{}% 81
\BOOKMARK [0][-]{chapter.7}{CONCLUS\325ES E TRABALHOS FUTUROS}{}% 82
\BOOKMARK [0][-]{appendix.1.A}{PROCESSO DE COMPILA\307\303O}{}% 83
\BOOKMARK [1][-]{section.1.A.1}{INSTALAR QT}{appendix.1.A}% 84
\BOOKMARK [1][-]{section.1.A.2}{INSTALAR BIBLIOTECAS SECUND\301RIAS}{appendix.1.A}% 85
\BOOKMARK [1][-]{section.1.A.3}{CLONAR E COMPILAR REPOSIT\323RIO}{appendix.1.A}% 86
\BOOKMARK [2][-]{subsection.1.A.3.1}{COMPILAR COM QTCREATOR}{section.1.A.3}% 87
\BOOKMARK [2][-]{subsection.1.A.3.2}{OUTROS}{section.1.A.3}% 88
\BOOKMARK [0][-]{appendix.1.B}{FORMATO DE ARQUIVO DE COMANDOS}{}% 89
\BOOKMARK [0][-]{appendix.1.C}{FORMATO DE ARQUIVO DE ELEMENTO INTELIGENTE}{}% 90
\BOOKMARK [0][-]{appendix.1.D}{FORMATO DE ARQUIVO DE OBJETO INTELIGENTE}{}% 91
\BOOKMARK [0][-]{lstnumber.-2.149}{REFER\312NCIAS}{}% 92
